{"timestamp":"2025-07-06T17:00:13.926045","level":"info","event":"DAG bundles loaded: dags-folder","logger":"airflow.dag_processing.bundles.manager.DagBundlesManager"}
{"timestamp":"2025-07-06T17:00:13.926375","level":"info","event":"Filling up the DagBag from /opt/airflow/dags/dbt_clickhouse_dag.py","logger":"airflow.models.dagbag.DagBag"}
{"timestamp":"2025-07-06T17:00:13.929576","level":"info","event":"Trying to parse the dbt project using dbt ls cache cosmos_cache__airline_transactions_dbt_dag__dbt_tasks...","logger":"cosmos.dbt.graph"}
{"timestamp":"2025-07-06T17:00:13.930345","level":"info","event":"Secrets backends loaded for worker","count":1,"backend_classes":["EnvironmentVariablesBackend"],"logger":"supervisor"}
{"timestamp":"2025-07-06T17:00:13.957533","level":"info","event":"Cosmos performance: time to calculate cache identifier cosmos_cache__airline_transactions_dbt_dag__dbt_tasks for current version: 0.018439874998875894","logger":"cosmos.cache"}
{"timestamp":"2025-07-06T17:00:13.957646","level":"info","event":"Cosmos performance [7206f41bfd4e|2642]: The cache size for cosmos_cache__airline_transactions_dbt_dag__dbt_tasks is 7569","logger":"cosmos.dbt.graph"}
{"timestamp":"2025-07-06T17:00:13.958374","level":"info","event":"Cosmos performance: Cache hit for cosmos_cache__airline_transactions_dbt_dag__dbt_tasks - f95f1982af2e0de38b0cbddf59ccfd0c,7b6b28cf4fff879af90a0cc67fbff18c","logger":"cosmos.dbt.graph"}
{"timestamp":"2025-07-06T17:00:13.958439","level":"info","event":"Total nodes: 9","logger":"cosmos.dbt.graph"}
{"timestamp":"2025-07-06T17:00:13.958466","level":"info","event":"Total filtered nodes: 9","logger":"cosmos.dbt.graph"}
{"timestamp":"2025-07-06T17:00:13.958514","level":"info","event":"Cosmos performance (airline_transactions_dbt_dag__dbt_tasks) -  [7206f41bfd4e|2642]: It took 0.029s to parse the dbt project for DAG using LoadMode.DBT_LS_CACHE","logger":"cosmos.converter"}
{"timestamp":"2025-07-06T17:00:13.959009","level":"info","event":"Project /opt/dbt does not have {'dependencies.yml', 'packages.yml'}","logger":"cosmos.dbt.project"}
{"timestamp":"2025-07-06T17:00:13.961823","level":"info","event":"Cosmos performance (airline_transactions_dbt_dag__dbt_tasks) - [7206f41bfd4e|2642]: It took 0.0033s to build the Airflow DAG.","logger":"cosmos.converter"}
{"timestamp":"2025-07-06T17:00:13.961945","level":"warning","event":"Pydantic serializer warnings:\n  PydanticSerializationUnexpectedValue(Expected `str` - serialized value may not be as expected [input_value={'version': 'f95f1982af2e..._group_id': 'dbt_tasks'}, input_type=dict])","category":"UserWarning","filename":"/home/airflow/.local/lib/python3.12/site-packages/pydantic/main.py","lineno":463,"logger":"py.warnings"}
{"timestamp":"2025-07-06T17:00:13.965469","level":"info","event":"Could not import dbtRunner. Falling back to subprocess for invoking dbt.","logger":"cosmos.operators.base"}
{"timestamp":"2025-07-06T17:00:13.965834","level":"info","event":"Cloning project to writable temp directory /tmp/tmpu9xwhejg from /opt/dbt","logger":"cosmos.operators.base"}
{"timestamp":"2025-07-06T17:00:13.966481","level":"info","event":"Profile caching is enable.","logger":"cosmos.config"}
{"timestamp":"2025-07-06T17:00:13.967421","level":"info","event":"Secrets backends loaded for worker","count":1,"backend_classes":["EnvironmentVariablesBackend"],"logger":"supervisor"}
{"timestamp":"2025-07-06T17:00:13.967804","level":"warning","event":"empty cryptography key - values will not be stored encrypted.","logger":"airflow.models.crypto"}
{"timestamp":"2025-07-06T17:00:13.967946","level":"warning","event":"Skipping masking for a secret as it's too short (<5 chars)","logger":"airflow.sdk.execution_time.secrets_masker"}
{"timestamp":"2025-07-06T17:00:13.968000","level":"info","event":"Connection Retrieved 'clickhouse_conn'","logger":"airflow.hooks.base"}
{"timestamp":"2025-07-06T17:00:13.969030","level":"info","event":"Profile found in cache using profile: /tmp/cosmos/profile/bb37287b84e957ef876ef848e3bba02a4d6fb75b5fb14bc65a4aa25a1978a680/profiles.yml.","logger":"cosmos.config"}
{"timestamp":"2025-07-06T17:00:13.969103","level":"info","event":"Trying to run the command:\n ['/home/airflow/dbt-venv/bin/dbt', '--no-partial-parse', 'run', '--models', 'mart_transactions_summary', '--project-dir', '/tmp/tmpu9xwhejg', '--profiles-dir', '/tmp/cosmos/profile/bb37287b84e957ef876ef848e3bba02a4d6fb75b5fb14bc65a4aa25a1978a680', '--profile', 'profile', '--target', 'dev']\nFrom /tmp/tmpu9xwhejg","logger":"cosmos.operators.base"}
{"timestamp":"2025-07-06T17:00:13.969169","level":"info","event":"Tmp dir root location: \n /tmp","logger":"airflow.task.hooks.cosmos.hooks.subprocess.FullOutputSubprocessHook"}
{"timestamp":"2025-07-06T17:00:13.969213","level":"info","event":"Running command: ['/home/airflow/dbt-venv/bin/dbt', '--no-partial-parse', 'run', '--models', 'mart_transactions_summary', '--project-dir', '/tmp/tmpu9xwhejg', '--profiles-dir', '/tmp/cosmos/profile/bb37287b84e957ef876ef848e3bba02a4d6fb75b5fb14bc65a4aa25a1978a680', '--profile', 'profile', '--target', 'dev']","logger":"airflow.task.hooks.cosmos.hooks.subprocess.FullOutputSubprocessHook"}
{"timestamp":"2025-07-06T17:00:13.975863","level":"info","event":"Command output:","logger":"airflow.task.hooks.cosmos.hooks.subprocess.FullOutputSubprocessHook"}
{"timestamp":"2025-07-06T17:00:15.160788","level":"info","event":"\u001b[0m17:00:15  Running with dbt=1.10.3","logger":"airflow.task.hooks.cosmos.hooks.subprocess.FullOutputSubprocessHook"}
{"timestamp":"2025-07-06T17:00:15.161260","level":"info","event":"\u001b[0m17:00:15  [\u001b[33mWARNING\u001b[0m]: Deprecated functionality","logger":"airflow.task.hooks.cosmos.hooks.subprocess.FullOutputSubprocessHook"}
{"timestamp":"2025-07-06T17:00:15.161316","level":"info","event":"Usage of `--models`, `--model`, and `-m` is deprecated in favor of","logger":"airflow.task.hooks.cosmos.hooks.subprocess.FullOutputSubprocessHook"}
{"timestamp":"2025-07-06T17:00:15.161345","level":"info","event":"`--resource-type model --select`","logger":"airflow.task.hooks.cosmos.hooks.subprocess.FullOutputSubprocessHook"}
{"timestamp":"2025-07-06T17:00:15.271528","level":"info","event":"\u001b[0m17:00:15  Registered adapter: clickhouse=1.9.2","logger":"airflow.task.hooks.cosmos.hooks.subprocess.FullOutputSubprocessHook"}
{"timestamp":"2025-07-06T17:00:16.001067","level":"info","event":"\u001b[0m17:00:16  [\u001b[33mWARNING\u001b[0m]: Configuration paths exist in your dbt_project.yml file which do not apply to any resources.","logger":"airflow.task.hooks.cosmos.hooks.subprocess.FullOutputSubprocessHook"}
{"timestamp":"2025-07-06T17:00:16.001162","level":"info","event":"There are 3 unused configuration paths:","logger":"airflow.task.hooks.cosmos.hooks.subprocess.FullOutputSubprocessHook"}
{"timestamp":"2025-07-06T17:00:16.001190","level":"info","event":"- models.marts","logger":"airflow.task.hooks.cosmos.hooks.subprocess.FullOutputSubprocessHook"}
{"timestamp":"2025-07-06T17:00:16.001213","level":"info","event":"- models.intermediate","logger":"airflow.task.hooks.cosmos.hooks.subprocess.FullOutputSubprocessHook"}
{"timestamp":"2025-07-06T17:00:16.001237","level":"info","event":"- models.staging","logger":"airflow.task.hooks.cosmos.hooks.subprocess.FullOutputSubprocessHook"}
{"timestamp":"2025-07-06T17:00:16.059903","level":"info","event":"\u001b[0m17:00:16  Found 4 models, 3 data tests, 2 sources, 476 macros","logger":"airflow.task.hooks.cosmos.hooks.subprocess.FullOutputSubprocessHook"}
{"timestamp":"2025-07-06T17:00:16.060792","level":"info","event":"\u001b[0m17:00:16","logger":"airflow.task.hooks.cosmos.hooks.subprocess.FullOutputSubprocessHook"}
{"timestamp":"2025-07-06T17:00:16.060969","level":"info","event":"\u001b[0m17:00:16  Concurrency: 1 threads (target='dev')","logger":"airflow.task.hooks.cosmos.hooks.subprocess.FullOutputSubprocessHook"}
{"timestamp":"2025-07-06T17:00:16.061121","level":"info","event":"\u001b[0m17:00:16","logger":"airflow.task.hooks.cosmos.hooks.subprocess.FullOutputSubprocessHook"}
{"timestamp":"2025-07-06T17:00:16.140571","level":"info","event":"\u001b[0m17:00:16  1 of 1 START sql view model `default`.`mart_transactions_summary` .............. [RUN]","logger":"airflow.task.hooks.cosmos.hooks.subprocess.FullOutputSubprocessHook"}
{"timestamp":"2025-07-06T17:00:16.182535","level":"info","event":"\u001b[0m17:00:16  1 of 1 OK created sql view model `default`.`mart_transactions_summary` ......... [\u001b[32mOK\u001b[0m in 0.04s]","logger":"airflow.task.hooks.cosmos.hooks.subprocess.FullOutputSubprocessHook"}
{"timestamp":"2025-07-06T17:00:16.184724","level":"info","event":"\u001b[0m17:00:16","logger":"airflow.task.hooks.cosmos.hooks.subprocess.FullOutputSubprocessHook"}
{"timestamp":"2025-07-06T17:00:16.184802","level":"info","event":"\u001b[0m17:00:16  Finished running 1 view model in 0 hours 0 minutes and 0.12 seconds (0.12s).","logger":"airflow.task.hooks.cosmos.hooks.subprocess.FullOutputSubprocessHook"}
{"timestamp":"2025-07-06T17:00:16.201647","level":"info","event":"\u001b[0m17:00:16","logger":"airflow.task.hooks.cosmos.hooks.subprocess.FullOutputSubprocessHook"}
{"timestamp":"2025-07-06T17:00:16.201846","level":"info","event":"\u001b[0m17:00:16  \u001b[32mCompleted successfully\u001b[0m","logger":"airflow.task.hooks.cosmos.hooks.subprocess.FullOutputSubprocessHook"}
{"timestamp":"2025-07-06T17:00:16.202028","level":"info","event":"\u001b[0m17:00:16","logger":"airflow.task.hooks.cosmos.hooks.subprocess.FullOutputSubprocessHook"}
{"timestamp":"2025-07-06T17:00:16.202222","level":"info","event":"\u001b[0m17:00:16  Done. PASS=1 WARN=0 ERROR=0 SKIP=0 NO-OP=0 TOTAL=1","logger":"airflow.task.hooks.cosmos.hooks.subprocess.FullOutputSubprocessHook"}
{"timestamp":"2025-07-06T17:00:16.202550","level":"info","event":"\u001b[0m17:00:16  [\u001b[33mWARNING\u001b[0m][DeprecationsSummary]: Deprecated functionality","logger":"airflow.task.hooks.cosmos.hooks.subprocess.FullOutputSubprocessHook"}
{"timestamp":"2025-07-06T17:00:16.202589","level":"info","event":"Summary of encountered deprecations:","logger":"airflow.task.hooks.cosmos.hooks.subprocess.FullOutputSubprocessHook"}
{"timestamp":"2025-07-06T17:00:16.202609","level":"info","event":"- ModelParamUsageDeprecation: 1 occurrence","logger":"airflow.task.hooks.cosmos.hooks.subprocess.FullOutputSubprocessHook"}
{"timestamp":"2025-07-06T17:00:16.202629","level":"info","event":"To see all deprecation instances instead of just the first occurrence of each,","logger":"airflow.task.hooks.cosmos.hooks.subprocess.FullOutputSubprocessHook"}
{"timestamp":"2025-07-06T17:00:16.202649","level":"info","event":"run command again with the `--show-all-deprecations` flag. You may also need to","logger":"airflow.task.hooks.cosmos.hooks.subprocess.FullOutputSubprocessHook"}
{"timestamp":"2025-07-06T17:00:16.202668","level":"info","event":"run with `--no-partial-parse` as some deprecations are only encountered during","logger":"airflow.task.hooks.cosmos.hooks.subprocess.FullOutputSubprocessHook"}
{"timestamp":"2025-07-06T17:00:16.202687","level":"info","event":"parsing.","logger":"airflow.task.hooks.cosmos.hooks.subprocess.FullOutputSubprocessHook"}
{"timestamp":"2025-07-06T17:00:16.881085","level":"info","event":"Command exited with return code 0","logger":"airflow.task.hooks.cosmos.hooks.subprocess.FullOutputSubprocessHook"}
{"timestamp":"2025-07-06T17:00:16.881228","level":"info","event":"parsing.","logger":"cosmos.operators.base"}
{"timestamp":"2025-07-06T17:00:16.896370","level":"info","event":"Inlets: []","logger":"cosmos.operators.base"}
{"timestamp":"2025-07-06T17:00:16.896438","level":"info","event":"Outlets: []","logger":"cosmos.operators.base"}
{"timestamp":"2025-07-06T17:00:16.896558","level":"info","event":"Assigning outlets with DatasetAlias in Airflow 3","logger":"cosmos.operators.local"}
