{"timestamp":"2025-07-06T10:17:26.591507","level":"info","event":"DAG bundles loaded: dags-folder","logger":"airflow.dag_processing.bundles.manager.DagBundlesManager"}
{"timestamp":"2025-07-06T10:17:26.591815","level":"info","event":"Filling up the DagBag from /opt/airflow/dags/dbt_clickhouse_dag.py","logger":"airflow.models.dagbag.DagBag"}
{"timestamp":"2025-07-06T10:17:26.601497","level":"info","event":"Trying to parse the dbt project using dbt ls cache cosmos_cache__airline_transactions_dbt_dag__dbt_tasks...","logger":"cosmos.dbt.graph"}
{"timestamp":"2025-07-06T10:17:26.602760","level":"info","event":"Secrets backends loaded for worker","count":1,"backend_classes":["EnvironmentVariablesBackend"],"logger":"supervisor"}
{"timestamp":"2025-07-06T10:17:26.632860","level":"info","event":"Cosmos performance: time to calculate cache identifier cosmos_cache__airline_transactions_dbt_dag__dbt_tasks for current version: 0.004517583001870662","logger":"cosmos.cache"}
{"timestamp":"2025-07-06T10:17:26.632976","level":"info","event":"Cosmos performance [35be2854e8bd|98]: The cache size for cosmos_cache__airline_transactions_dbt_dag__dbt_tasks is 8099","logger":"cosmos.dbt.graph"}
{"timestamp":"2025-07-06T10:17:26.633233","level":"info","event":"Cosmos performance: Cache hit for cosmos_cache__airline_transactions_dbt_dag__dbt_tasks - 0f7149b13f5513e3d4063fb43fbfeb05,7b6b28cf4fff879af90a0cc67fbff18c","logger":"cosmos.dbt.graph"}
{"timestamp":"2025-07-06T10:17:26.633286","level":"info","event":"Total nodes: 10","logger":"cosmos.dbt.graph"}
{"timestamp":"2025-07-06T10:17:26.633312","level":"info","event":"Total filtered nodes: 10","logger":"cosmos.dbt.graph"}
{"timestamp":"2025-07-06T10:17:26.633355","level":"info","event":"Cosmos performance (airline_transactions_dbt_dag__dbt_tasks) -  [35be2854e8bd|98]: It took 0.0319s to parse the dbt project for DAG using LoadMode.DBT_LS_CACHE","logger":"cosmos.converter"}
{"timestamp":"2025-07-06T10:17:26.634163","level":"info","event":"Project /opt/dbt does not have {'packages.yml', 'dependencies.yml'}","logger":"cosmos.dbt.project"}
{"timestamp":"2025-07-06T10:17:26.636927","level":"info","event":"Cosmos performance (airline_transactions_dbt_dag__dbt_tasks) - [35be2854e8bd|98]: It took 0.00355s to build the Airflow DAG.","logger":"cosmos.converter"}
{"timestamp":"2025-07-06T10:17:26.637042","level":"warning","event":"Pydantic serializer warnings:\n  PydanticSerializationUnexpectedValue(Expected `str` - serialized value may not be as expected [input_value={'version': '0f7149b13f55..._group_id': 'dbt_tasks'}, input_type=dict])","category":"UserWarning","filename":"/home/airflow/.local/lib/python3.12/site-packages/pydantic/main.py","lineno":463,"logger":"py.warnings"}
{"timestamp":"2025-07-06T10:17:26.644264","level":"info","event":"Could not import dbtRunner. Falling back to subprocess for invoking dbt.","logger":"cosmos.operators.base"}
{"timestamp":"2025-07-06T10:17:26.644657","level":"info","event":"Cloning project to writable temp directory /tmp/tmpot37ivp1 from /opt/dbt","logger":"cosmos.operators.base"}
{"timestamp":"2025-07-06T10:17:26.645632","level":"info","event":"Profile caching is enable.","logger":"cosmos.config"}
{"timestamp":"2025-07-06T10:17:26.647191","level":"info","event":"Secrets backends loaded for worker","count":1,"backend_classes":["EnvironmentVariablesBackend"],"logger":"supervisor"}
{"timestamp":"2025-07-06T10:17:26.647601","level":"warning","event":"empty cryptography key - values will not be stored encrypted.","logger":"airflow.models.crypto"}
{"timestamp":"2025-07-06T10:17:26.647737","level":"warning","event":"Skipping masking for a secret as it's too short (<5 chars)","logger":"airflow.sdk.execution_time.secrets_masker"}
{"timestamp":"2025-07-06T10:17:26.647796","level":"info","event":"Connection Retrieved 'clickhouse_conn'","logger":"airflow.hooks.base"}
{"timestamp":"2025-07-06T10:17:26.648070","level":"info","event":"Using real values for profile profile","logger":"cosmos.profiles.base"}
{"timestamp":"2025-07-06T10:17:26.650104","level":"info","event":"Profile not found in cache storing and using profile: /tmp/cosmos/profile/db28b3fa9ce906e10cf1593aa1bf9e3a4309ffadf59cbd7e2ee9c5d9cf52cbbf/profiles.yml.","logger":"cosmos.config"}
{"timestamp":"2025-07-06T10:17:26.650208","level":"info","event":"Trying to run the command:\n ['/home/airflow/dbt-venv/bin/dbt', '--no-partial-parse', 'run', '--models', 'stg_locations', '--project-dir', '/tmp/tmpot37ivp1', '--profiles-dir', '/tmp/cosmos/profile/db28b3fa9ce906e10cf1593aa1bf9e3a4309ffadf59cbd7e2ee9c5d9cf52cbbf', '--profile', 'profile', '--target', 'dev']\nFrom /tmp/tmpot37ivp1","logger":"cosmos.operators.base"}
{"timestamp":"2025-07-06T10:17:26.650297","level":"info","event":"Tmp dir root location: \n /tmp","logger":"airflow.task.hooks.cosmos.hooks.subprocess.FullOutputSubprocessHook"}
{"timestamp":"2025-07-06T10:17:26.650350","level":"info","event":"Running command: ['/home/airflow/dbt-venv/bin/dbt', '--no-partial-parse', 'run', '--models', 'stg_locations', '--project-dir', '/tmp/tmpot37ivp1', '--profiles-dir', '/tmp/cosmos/profile/db28b3fa9ce906e10cf1593aa1bf9e3a4309ffadf59cbd7e2ee9c5d9cf52cbbf', '--profile', 'profile', '--target', 'dev']","logger":"airflow.task.hooks.cosmos.hooks.subprocess.FullOutputSubprocessHook"}
{"timestamp":"2025-07-06T10:17:26.657350","level":"info","event":"Command output:","logger":"airflow.task.hooks.cosmos.hooks.subprocess.FullOutputSubprocessHook"}
{"timestamp":"2025-07-06T10:17:27.958693","level":"info","event":"\u001b[0m10:17:27  Running with dbt=1.10.3","logger":"airflow.task.hooks.cosmos.hooks.subprocess.FullOutputSubprocessHook"}
{"timestamp":"2025-07-06T10:17:27.959251","level":"info","event":"\u001b[0m10:17:27  [\u001b[33mWARNING\u001b[0m]: Deprecated functionality","logger":"airflow.task.hooks.cosmos.hooks.subprocess.FullOutputSubprocessHook"}
{"timestamp":"2025-07-06T10:17:27.959296","level":"info","event":"Usage of `--models`, `--model`, and `-m` is deprecated in favor of","logger":"airflow.task.hooks.cosmos.hooks.subprocess.FullOutputSubprocessHook"}
{"timestamp":"2025-07-06T10:17:27.959323","level":"info","event":"`--resource-type model --select`","logger":"airflow.task.hooks.cosmos.hooks.subprocess.FullOutputSubprocessHook"}
{"timestamp":"2025-07-06T10:17:28.079957","level":"info","event":"\u001b[0m10:17:28  Registered adapter: clickhouse=1.9.2","logger":"airflow.task.hooks.cosmos.hooks.subprocess.FullOutputSubprocessHook"}
{"timestamp":"2025-07-06T10:17:28.951107","level":"info","event":"\u001b[0m10:17:28  Found 4 models, 4 data tests, 2 sources, 476 macros","logger":"airflow.task.hooks.cosmos.hooks.subprocess.FullOutputSubprocessHook"}
{"timestamp":"2025-07-06T10:17:28.952458","level":"info","event":"\u001b[0m10:17:28","logger":"airflow.task.hooks.cosmos.hooks.subprocess.FullOutputSubprocessHook"}
{"timestamp":"2025-07-06T10:17:28.952696","level":"info","event":"\u001b[0m10:17:28  Concurrency: 1 threads (target='dev')","logger":"airflow.task.hooks.cosmos.hooks.subprocess.FullOutputSubprocessHook"}
{"timestamp":"2025-07-06T10:17:28.952777","level":"info","event":"\u001b[0m10:17:28","logger":"airflow.task.hooks.cosmos.hooks.subprocess.FullOutputSubprocessHook"}
{"timestamp":"2025-07-06T10:17:28.991022","level":"info","event":"\u001b[0m10:17:28","logger":"airflow.task.hooks.cosmos.hooks.subprocess.FullOutputSubprocessHook"}
{"timestamp":"2025-07-06T10:17:28.991307","level":"info","event":"\u001b[0m10:17:28  Finished running  in 0 hours 0 minutes and 0.04 seconds (0.04s).","logger":"airflow.task.hooks.cosmos.hooks.subprocess.FullOutputSubprocessHook"}
{"timestamp":"2025-07-06T10:17:28.991620","level":"info","event":"\u001b[0m10:17:28  Encountered an error:","logger":"airflow.task.hooks.cosmos.hooks.subprocess.FullOutputSubprocessHook"}
{"timestamp":"2025-07-06T10:17:28.991662","level":"info","event":"Database Error","logger":"airflow.task.hooks.cosmos.hooks.subprocess.FullOutputSubprocessHook"}
{"timestamp":"2025-07-06T10:17:28.991685","level":"info","event":"  HTTPDriver for http://clickhouse:9000 returned response code 400","logger":"airflow.task.hooks.cosmos.hooks.subprocess.FullOutputSubprocessHook"}
{"timestamp":"2025-07-06T10:17:28.991963","level":"info","event":"\u001b[0m10:17:28  [\u001b[33mWARNING\u001b[0m][DeprecationsSummary]: Deprecated functionality","logger":"airflow.task.hooks.cosmos.hooks.subprocess.FullOutputSubprocessHook"}
{"timestamp":"2025-07-06T10:17:28.991992","level":"info","event":"Summary of encountered deprecations:","logger":"airflow.task.hooks.cosmos.hooks.subprocess.FullOutputSubprocessHook"}
{"timestamp":"2025-07-06T10:17:28.992013","level":"info","event":"- ModelParamUsageDeprecation: 1 occurrence","logger":"airflow.task.hooks.cosmos.hooks.subprocess.FullOutputSubprocessHook"}
{"timestamp":"2025-07-06T10:17:28.992045","level":"info","event":"To see all deprecation instances instead of just the first occurrence of each,","logger":"airflow.task.hooks.cosmos.hooks.subprocess.FullOutputSubprocessHook"}
{"timestamp":"2025-07-06T10:17:28.992076","level":"info","event":"run command again with the `--show-all-deprecations` flag. You may also need to","logger":"airflow.task.hooks.cosmos.hooks.subprocess.FullOutputSubprocessHook"}
{"timestamp":"2025-07-06T10:17:28.992095","level":"info","event":"run with `--no-partial-parse` as some deprecations are only encountered during","logger":"airflow.task.hooks.cosmos.hooks.subprocess.FullOutputSubprocessHook"}
{"timestamp":"2025-07-06T10:17:28.992114","level":"info","event":"parsing.","logger":"airflow.task.hooks.cosmos.hooks.subprocess.FullOutputSubprocessHook"}
{"timestamp":"2025-07-06T10:17:29.754227","level":"info","event":"Command exited with return code 2","logger":"airflow.task.hooks.cosmos.hooks.subprocess.FullOutputSubprocessHook"}
{"timestamp":"2025-07-06T10:17:29.754371","level":"info","event":"parsing.","logger":"cosmos.operators.base"}
{"timestamp":"2025-07-06T10:17:29.760958","level":"info","event":"Inlets: []","logger":"cosmos.operators.base"}
{"timestamp":"2025-07-06T10:17:29.761036","level":"info","event":"Outlets: []","logger":"cosmos.operators.base"}
{"timestamp":"2025-07-06T10:17:29.761175","level":"info","event":"Assigning outlets with DatasetAlias in Airflow 3","logger":"cosmos.operators.local"}
{"timestamp":"2025-07-06T10:17:29.761382","level":"error","event":"\u001b[0m10:17:27  Running with dbt=1.10.3\n\u001b[0m10:17:27  [\u001b[33mWARNING\u001b[0m]: Deprecated functionality\nUsage of `--models`, `--model`, and `-m` is deprecated in favor of\n`--resource-type model --select`\n\u001b[0m10:17:28  Registered adapter: clickhouse=1.9.2\n\u001b[0m10:17:28  Found 4 models, 4 data tests, 2 sources, 476 macros\n\u001b[0m10:17:28\n\u001b[0m10:17:28  Concurrency: 1 threads (target='dev')\n\u001b[0m10:17:28\n\u001b[0m10:17:28\n\u001b[0m10:17:28  Finished running  in 0 hours 0 minutes and 0.04 seconds (0.04s).\n\u001b[0m10:17:28  Encountered an error:\nDatabase Error\n  HTTPDriver for http://clickhouse:9000 returned response code 400\n\u001b[0m10:17:28  [\u001b[33mWARNING\u001b[0m][DeprecationsSummary]: Deprecated functionality\nSummary of encountered deprecations:\n- ModelParamUsageDeprecation: 1 occurrence\nTo see all deprecation instances instead of just the first occurrence of each,\nrun command again with the `--show-all-deprecations` flag. You may also need to\nrun with `--no-partial-parse` as some deprecations are only encountered during\nparsing.","logger":"cosmos.operators.base"}
{"timestamp":"2025-07-06T10:17:29.761850","level":"error","event":"Task failed with exception","logger":"task","error_detail":[{"exc_type":"AirflowException","exc_value":"dbt command failed. The command returned a non-zero exit code 2.","exc_notes":[],"syntax_error":null,"is_cause":false,"frames":[{"filename":"/home/airflow/.local/lib/python3.12/site-packages/airflow/sdk/execution_time/task_runner.py","lineno":838,"name":"run"},{"filename":"/home/airflow/.local/lib/python3.12/site-packages/airflow/sdk/execution_time/task_runner.py","lineno":1125,"name":"_execute_task"},{"filename":"/home/airflow/.local/lib/python3.12/site-packages/cosmos/operators/base.py","lineno":310,"name":"execute"},{"filename":"/home/airflow/.local/lib/python3.12/site-packages/cosmos/operators/local.py","lineno":842,"name":"build_and_run_cmd"},{"filename":"/home/airflow/.local/lib/python3.12/site-packages/cosmos/operators/local.py","lineno":639,"name":"run_command"},{"filename":"/home/airflow/.local/lib/python3.12/site-packages/cosmos/operators/local.py","lineno":254,"name":"handle_exception_subprocess"}]}]}
