{"timestamp":"2025-07-07T00:47:11.191605","level":"info","event":"DAG bundles loaded: dags-folder","logger":"airflow.dag_processing.bundles.manager.DagBundlesManager"}
{"timestamp":"2025-07-07T00:47:11.192147","level":"info","event":"Filling up the DagBag from /opt/airflow/dags/dbt_clickhouse_dag.py","logger":"airflow.models.dagbag.DagBag"}
{"timestamp":"2025-07-07T00:47:11.197508","level":"info","event":"Trying to parse the dbt project using dbt ls cache cosmos_cache__airline_transactions_dbt_dag__dbt_tasks...","logger":"cosmos.dbt.graph"}
{"timestamp":"2025-07-07T00:47:11.198328","level":"info","event":"Secrets backends loaded for worker","count":1,"backend_classes":["EnvironmentVariablesBackend"],"logger":"supervisor"}
{"timestamp":"2025-07-07T00:47:11.261860","level":"info","event":"Cosmos performance: time to calculate cache identifier cosmos_cache__airline_transactions_dbt_dag__dbt_tasks for current version: 0.03878874999645632","logger":"cosmos.cache"}
{"timestamp":"2025-07-07T00:47:11.261967","level":"info","event":"Cosmos performance [ea72a3b74abb|1560]: The cache size for cosmos_cache__airline_transactions_dbt_dag__dbt_tasks is 7569","logger":"cosmos.dbt.graph"}
{"timestamp":"2025-07-07T00:47:11.262264","level":"info","event":"Cosmos performance: Cache hit for cosmos_cache__airline_transactions_dbt_dag__dbt_tasks - 93a8b0fc30241f430498ad3d2840984a,7b6b28cf4fff879af90a0cc67fbff18c","logger":"cosmos.dbt.graph"}
{"timestamp":"2025-07-07T00:47:11.262315","level":"info","event":"Total nodes: 9","logger":"cosmos.dbt.graph"}
{"timestamp":"2025-07-07T00:47:11.262352","level":"info","event":"Total filtered nodes: 9","logger":"cosmos.dbt.graph"}
{"timestamp":"2025-07-07T00:47:11.262413","level":"info","event":"Cosmos performance (airline_transactions_dbt_dag__dbt_tasks) -  [ea72a3b74abb|1560]: It took 0.065s to parse the dbt project for DAG using LoadMode.DBT_LS_CACHE","logger":"cosmos.converter"}
{"timestamp":"2025-07-07T00:47:11.263473","level":"info","event":"Project /opt/dbt does not have {'dependencies.yml', 'packages.yml'}","logger":"cosmos.dbt.project"}
{"timestamp":"2025-07-07T00:47:11.268217","level":"info","event":"Cosmos performance (airline_transactions_dbt_dag__dbt_tasks) - [ea72a3b74abb|1560]: It took 0.00578s to build the Airflow DAG.","logger":"cosmos.converter"}
{"timestamp":"2025-07-07T00:47:11.268396","level":"warning","event":"Pydantic serializer warnings:\n  PydanticSerializationUnexpectedValue(Expected `str` - serialized value may not be as expected [input_value={'version': '93a8b0fc3024..._group_id': 'dbt_tasks'}, input_type=dict])","category":"UserWarning","filename":"/home/airflow/.local/lib/python3.12/site-packages/pydantic/main.py","lineno":463,"logger":"py.warnings"}
{"timestamp":"2025-07-07T00:47:11.273231","level":"info","event":"Could not import dbtRunner. Falling back to subprocess for invoking dbt.","logger":"cosmos.operators.base"}
{"timestamp":"2025-07-07T00:47:11.273782","level":"info","event":"Cloning project to writable temp directory /tmp/tmph6l2bpx9 from /opt/dbt","logger":"cosmos.operators.base"}
{"timestamp":"2025-07-07T00:47:11.274560","level":"info","event":"Profile caching is enable.","logger":"cosmos.config"}
{"timestamp":"2025-07-07T00:47:11.287740","level":"info","event":"Secrets backends loaded for worker","count":1,"backend_classes":["EnvironmentVariablesBackend"],"logger":"supervisor"}
{"timestamp":"2025-07-07T00:47:11.288337","level":"warning","event":"empty cryptography key - values will not be stored encrypted.","logger":"airflow.models.crypto"}
{"timestamp":"2025-07-07T00:47:11.288597","level":"warning","event":"Skipping masking for a secret as it's too short (<5 chars)","logger":"airflow.sdk.execution_time.secrets_masker"}
{"timestamp":"2025-07-07T00:47:11.288689","level":"info","event":"Connection Retrieved 'clickhouse_conn_http'","logger":"airflow.hooks.base"}
{"timestamp":"2025-07-07T00:47:11.290350","level":"info","event":"Profile found in cache using profile: /tmp/cosmos/profile/bb37287b84e957ef876ef848e3bba02a4d6fb75b5fb14bc65a4aa25a1978a680/profiles.yml.","logger":"cosmos.config"}
{"timestamp":"2025-07-07T00:47:11.290474","level":"info","event":"Trying to run the command:\n ['/home/airflow/dbt-venv/bin/dbt', '--no-partial-parse', 'run', '--models', 'stg_transactions', '--project-dir', '/tmp/tmph6l2bpx9', '--profiles-dir', '/tmp/cosmos/profile/bb37287b84e957ef876ef848e3bba02a4d6fb75b5fb14bc65a4aa25a1978a680', '--profile', 'profile', '--target', 'dev']\nFrom /tmp/tmph6l2bpx9","logger":"cosmos.operators.base"}
{"timestamp":"2025-07-07T00:47:11.290581","level":"info","event":"Tmp dir root location: \n /tmp","logger":"airflow.task.hooks.cosmos.hooks.subprocess.FullOutputSubprocessHook"}
{"timestamp":"2025-07-07T00:47:11.290631","level":"info","event":"Running command: ['/home/airflow/dbt-venv/bin/dbt', '--no-partial-parse', 'run', '--models', 'stg_transactions', '--project-dir', '/tmp/tmph6l2bpx9', '--profiles-dir', '/tmp/cosmos/profile/bb37287b84e957ef876ef848e3bba02a4d6fb75b5fb14bc65a4aa25a1978a680', '--profile', 'profile', '--target', 'dev']","logger":"airflow.task.hooks.cosmos.hooks.subprocess.FullOutputSubprocessHook"}
{"timestamp":"2025-07-07T00:47:11.298956","level":"info","event":"Command output:","logger":"airflow.task.hooks.cosmos.hooks.subprocess.FullOutputSubprocessHook"}
{"timestamp":"2025-07-07T00:47:13.165597","level":"info","event":"\u001b[0m00:47:13  Running with dbt=1.10.3","logger":"airflow.task.hooks.cosmos.hooks.subprocess.FullOutputSubprocessHook"}
{"timestamp":"2025-07-07T00:47:13.166160","level":"info","event":"\u001b[0m00:47:13  [\u001b[33mWARNING\u001b[0m]: Deprecated functionality","logger":"airflow.task.hooks.cosmos.hooks.subprocess.FullOutputSubprocessHook"}
{"timestamp":"2025-07-07T00:47:13.166211","level":"info","event":"Usage of `--models`, `--model`, and `-m` is deprecated in favor of","logger":"airflow.task.hooks.cosmos.hooks.subprocess.FullOutputSubprocessHook"}
{"timestamp":"2025-07-07T00:47:13.166234","level":"info","event":"`--resource-type model --select`","logger":"airflow.task.hooks.cosmos.hooks.subprocess.FullOutputSubprocessHook"}
{"timestamp":"2025-07-07T00:47:13.298373","level":"info","event":"\u001b[0m00:47:13  Registered adapter: clickhouse=1.9.2","logger":"airflow.task.hooks.cosmos.hooks.subprocess.FullOutputSubprocessHook"}
{"timestamp":"2025-07-07T00:47:14.104046","level":"info","event":"\u001b[0m00:47:14  [\u001b[33mWARNING\u001b[0m]: Configuration paths exist in your dbt_project.yml file which do not apply to any resources.","logger":"airflow.task.hooks.cosmos.hooks.subprocess.FullOutputSubprocessHook"}
{"timestamp":"2025-07-07T00:47:14.104160","level":"info","event":"There are 3 unused configuration paths:","logger":"airflow.task.hooks.cosmos.hooks.subprocess.FullOutputSubprocessHook"}
{"timestamp":"2025-07-07T00:47:14.104223","level":"info","event":"- models.intermediate","logger":"airflow.task.hooks.cosmos.hooks.subprocess.FullOutputSubprocessHook"}
{"timestamp":"2025-07-07T00:47:14.104264","level":"info","event":"- models.staging","logger":"airflow.task.hooks.cosmos.hooks.subprocess.FullOutputSubprocessHook"}
{"timestamp":"2025-07-07T00:47:14.104287","level":"info","event":"- models.marts","logger":"airflow.task.hooks.cosmos.hooks.subprocess.FullOutputSubprocessHook"}
{"timestamp":"2025-07-07T00:47:14.168968","level":"info","event":"\u001b[0m00:47:14  Found 4 models, 3 data tests, 2 sources, 476 macros","logger":"airflow.task.hooks.cosmos.hooks.subprocess.FullOutputSubprocessHook"}
{"timestamp":"2025-07-07T00:47:14.170120","level":"info","event":"\u001b[0m00:47:14","logger":"airflow.task.hooks.cosmos.hooks.subprocess.FullOutputSubprocessHook"}
{"timestamp":"2025-07-07T00:47:14.170324","level":"info","event":"\u001b[0m00:47:14  Concurrency: 1 threads (target='dev')","logger":"airflow.task.hooks.cosmos.hooks.subprocess.FullOutputSubprocessHook"}
{"timestamp":"2025-07-07T00:47:14.170686","level":"info","event":"\u001b[0m00:47:14","logger":"airflow.task.hooks.cosmos.hooks.subprocess.FullOutputSubprocessHook"}
{"timestamp":"2025-07-07T00:47:14.276095","level":"info","event":"\u001b[0m00:47:14  1 of 1 START sql view model `default`.`stg_transactions` ....................... [RUN]","logger":"airflow.task.hooks.cosmos.hooks.subprocess.FullOutputSubprocessHook"}
{"timestamp":"2025-07-07T00:47:14.318432","level":"info","event":"\u001b[0m00:47:14  1 of 1 OK created sql view model `default`.`stg_transactions` .................. [\u001b[32mOK\u001b[0m in 0.04s]","logger":"airflow.task.hooks.cosmos.hooks.subprocess.FullOutputSubprocessHook"}
{"timestamp":"2025-07-07T00:47:14.320309","level":"info","event":"\u001b[0m00:47:14","logger":"airflow.task.hooks.cosmos.hooks.subprocess.FullOutputSubprocessHook"}
{"timestamp":"2025-07-07T00:47:14.320460","level":"info","event":"\u001b[0m00:47:14  Finished running 1 view model in 0 hours 0 minutes and 0.15 seconds (0.15s).","logger":"airflow.task.hooks.cosmos.hooks.subprocess.FullOutputSubprocessHook"}
{"timestamp":"2025-07-07T00:47:14.337038","level":"info","event":"\u001b[0m00:47:14","logger":"airflow.task.hooks.cosmos.hooks.subprocess.FullOutputSubprocessHook"}
{"timestamp":"2025-07-07T00:47:14.337218","level":"info","event":"\u001b[0m00:47:14  \u001b[32mCompleted successfully\u001b[0m","logger":"airflow.task.hooks.cosmos.hooks.subprocess.FullOutputSubprocessHook"}
{"timestamp":"2025-07-07T00:47:14.337375","level":"info","event":"\u001b[0m00:47:14","logger":"airflow.task.hooks.cosmos.hooks.subprocess.FullOutputSubprocessHook"}
{"timestamp":"2025-07-07T00:47:14.337565","level":"info","event":"\u001b[0m00:47:14  Done. PASS=1 WARN=0 ERROR=0 SKIP=0 NO-OP=0 TOTAL=1","logger":"airflow.task.hooks.cosmos.hooks.subprocess.FullOutputSubprocessHook"}
{"timestamp":"2025-07-07T00:47:14.337918","level":"info","event":"\u001b[0m00:47:14  [\u001b[33mWARNING\u001b[0m][DeprecationsSummary]: Deprecated functionality","logger":"airflow.task.hooks.cosmos.hooks.subprocess.FullOutputSubprocessHook"}
{"timestamp":"2025-07-07T00:47:14.337952","level":"info","event":"Summary of encountered deprecations:","logger":"airflow.task.hooks.cosmos.hooks.subprocess.FullOutputSubprocessHook"}
{"timestamp":"2025-07-07T00:47:14.337974","level":"info","event":"- ModelParamUsageDeprecation: 1 occurrence","logger":"airflow.task.hooks.cosmos.hooks.subprocess.FullOutputSubprocessHook"}
{"timestamp":"2025-07-07T00:47:14.337994","level":"info","event":"To see all deprecation instances instead of just the first occurrence of each,","logger":"airflow.task.hooks.cosmos.hooks.subprocess.FullOutputSubprocessHook"}
{"timestamp":"2025-07-07T00:47:14.338014","level":"info","event":"run command again with the `--show-all-deprecations` flag. You may also need to","logger":"airflow.task.hooks.cosmos.hooks.subprocess.FullOutputSubprocessHook"}
{"timestamp":"2025-07-07T00:47:14.338034","level":"info","event":"run with `--no-partial-parse` as some deprecations are only encountered during","logger":"airflow.task.hooks.cosmos.hooks.subprocess.FullOutputSubprocessHook"}
{"timestamp":"2025-07-07T00:47:14.338053","level":"info","event":"parsing.","logger":"airflow.task.hooks.cosmos.hooks.subprocess.FullOutputSubprocessHook"}
{"timestamp":"2025-07-07T00:47:15.155088","level":"info","event":"Command exited with return code 0","logger":"airflow.task.hooks.cosmos.hooks.subprocess.FullOutputSubprocessHook"}
{"timestamp":"2025-07-07T00:47:15.155518","level":"info","event":"parsing.","logger":"cosmos.operators.base"}
{"timestamp":"2025-07-07T00:47:15.174864","level":"info","event":"Inlets: []","logger":"cosmos.operators.base"}
{"timestamp":"2025-07-07T00:47:15.174948","level":"info","event":"Outlets: []","logger":"cosmos.operators.base"}
{"timestamp":"2025-07-07T00:47:15.175474","level":"info","event":"Assigning outlets with DatasetAlias in Airflow 3","logger":"cosmos.operators.local"}
