{"timestamp":"2025-07-07T03:16:23.613134","level":"info","event":"DAG bundles loaded: dags-folder","logger":"airflow.dag_processing.bundles.manager.DagBundlesManager"}
{"timestamp":"2025-07-07T03:16:23.613465","level":"info","event":"Filling up the DagBag from /opt/airflow/dags/dbt_clickhouse_dag.py","logger":"airflow.models.dagbag.DagBag"}
{"timestamp":"2025-07-07T03:16:23.616901","level":"info","event":"Trying to parse the dbt project using dbt ls cache cosmos_cache__airline_transactions_dbt_dag__dbt_tasks...","logger":"cosmos.dbt.graph"}
{"timestamp":"2025-07-07T03:16:23.617719","level":"info","event":"Secrets backends loaded for worker","count":1,"backend_classes":["EnvironmentVariablesBackend"],"logger":"supervisor"}
{"timestamp":"2025-07-07T03:16:23.641403","level":"info","event":"Cosmos performance: time to calculate cache identifier cosmos_cache__airline_transactions_dbt_dag__dbt_tasks for current version: 0.01821650000056252","logger":"cosmos.cache"}
{"timestamp":"2025-07-07T03:16:23.641490","level":"info","event":"Cosmos performance [ea72a3b74abb|1914]: The cache size for cosmos_cache__airline_transactions_dbt_dag__dbt_tasks is 7569","logger":"cosmos.dbt.graph"}
{"timestamp":"2025-07-07T03:16:23.641762","level":"info","event":"Cosmos performance: Cache hit for cosmos_cache__airline_transactions_dbt_dag__dbt_tasks - 93a8b0fc30241f430498ad3d2840984a,7b6b28cf4fff879af90a0cc67fbff18c","logger":"cosmos.dbt.graph"}
{"timestamp":"2025-07-07T03:16:23.641816","level":"info","event":"Total nodes: 9","logger":"cosmos.dbt.graph"}
{"timestamp":"2025-07-07T03:16:23.641840","level":"info","event":"Total filtered nodes: 9","logger":"cosmos.dbt.graph"}
{"timestamp":"2025-07-07T03:16:23.641880","level":"info","event":"Cosmos performance (airline_transactions_dbt_dag__dbt_tasks) -  [ea72a3b74abb|1914]: It took 0.0251s to parse the dbt project for DAG using LoadMode.DBT_LS_CACHE","logger":"cosmos.converter"}
{"timestamp":"2025-07-07T03:16:23.642668","level":"info","event":"Project /opt/dbt does not have {'dependencies.yml', 'packages.yml'}","logger":"cosmos.dbt.project"}
{"timestamp":"2025-07-07T03:16:23.645445","level":"info","event":"Cosmos performance (airline_transactions_dbt_dag__dbt_tasks) - [ea72a3b74abb|1914]: It took 0.00356s to build the Airflow DAG.","logger":"cosmos.converter"}
{"timestamp":"2025-07-07T03:16:23.645580","level":"warning","event":"Pydantic serializer warnings:\n  PydanticSerializationUnexpectedValue(Expected `str` - serialized value may not be as expected [input_value={'version': '93a8b0fc3024..._group_id': 'dbt_tasks'}, input_type=dict])","category":"UserWarning","filename":"/home/airflow/.local/lib/python3.12/site-packages/pydantic/main.py","lineno":463,"logger":"py.warnings"}
{"timestamp":"2025-07-07T03:16:23.649573","level":"info","event":"Could not import dbtRunner. Falling back to subprocess for invoking dbt.","logger":"cosmos.operators.base"}
{"timestamp":"2025-07-07T03:16:23.649959","level":"info","event":"Cloning project to writable temp directory /tmp/tmp989tmpx4 from /opt/dbt","logger":"cosmos.operators.base"}
{"timestamp":"2025-07-07T03:16:23.650754","level":"info","event":"Profile caching is enable.","logger":"cosmos.config"}
{"timestamp":"2025-07-07T03:16:23.651839","level":"info","event":"Secrets backends loaded for worker","count":1,"backend_classes":["EnvironmentVariablesBackend"],"logger":"supervisor"}
{"timestamp":"2025-07-07T03:16:23.652244","level":"warning","event":"empty cryptography key - values will not be stored encrypted.","logger":"airflow.models.crypto"}
{"timestamp":"2025-07-07T03:16:23.652426","level":"warning","event":"Skipping masking for a secret as it's too short (<5 chars)","logger":"airflow.sdk.execution_time.secrets_masker"}
{"timestamp":"2025-07-07T03:16:23.652498","level":"info","event":"Connection Retrieved 'clickhouse_conn_http'","logger":"airflow.hooks.base"}
{"timestamp":"2025-07-07T03:16:23.653626","level":"info","event":"Profile found in cache using profile: /tmp/cosmos/profile/bb37287b84e957ef876ef848e3bba02a4d6fb75b5fb14bc65a4aa25a1978a680/profiles.yml.","logger":"cosmos.config"}
{"timestamp":"2025-07-07T03:16:23.653687","level":"info","event":"Trying to run the command:\n ['/home/airflow/dbt-venv/bin/dbt', '--no-partial-parse', 'run', '--models', 'mart_transactions_summary', '--project-dir', '/tmp/tmp989tmpx4', '--profiles-dir', '/tmp/cosmos/profile/bb37287b84e957ef876ef848e3bba02a4d6fb75b5fb14bc65a4aa25a1978a680', '--profile', 'profile', '--target', 'dev']\nFrom /tmp/tmp989tmpx4","logger":"cosmos.operators.base"}
{"timestamp":"2025-07-07T03:16:23.653751","level":"info","event":"Tmp dir root location: \n /tmp","logger":"airflow.task.hooks.cosmos.hooks.subprocess.FullOutputSubprocessHook"}
{"timestamp":"2025-07-07T03:16:23.653790","level":"info","event":"Running command: ['/home/airflow/dbt-venv/bin/dbt', '--no-partial-parse', 'run', '--models', 'mart_transactions_summary', '--project-dir', '/tmp/tmp989tmpx4', '--profiles-dir', '/tmp/cosmos/profile/bb37287b84e957ef876ef848e3bba02a4d6fb75b5fb14bc65a4aa25a1978a680', '--profile', 'profile', '--target', 'dev']","logger":"airflow.task.hooks.cosmos.hooks.subprocess.FullOutputSubprocessHook"}
{"timestamp":"2025-07-07T03:16:23.662074","level":"info","event":"Command output:","logger":"airflow.task.hooks.cosmos.hooks.subprocess.FullOutputSubprocessHook"}
{"timestamp":"2025-07-07T03:16:25.317187","level":"info","event":"\u001b[0m03:16:25  Running with dbt=1.10.3","logger":"airflow.task.hooks.cosmos.hooks.subprocess.FullOutputSubprocessHook"}
{"timestamp":"2025-07-07T03:16:25.317726","level":"info","event":"\u001b[0m03:16:25  [\u001b[33mWARNING\u001b[0m]: Deprecated functionality","logger":"airflow.task.hooks.cosmos.hooks.subprocess.FullOutputSubprocessHook"}
{"timestamp":"2025-07-07T03:16:25.317771","level":"info","event":"Usage of `--models`, `--model`, and `-m` is deprecated in favor of","logger":"airflow.task.hooks.cosmos.hooks.subprocess.FullOutputSubprocessHook"}
{"timestamp":"2025-07-07T03:16:25.317795","level":"info","event":"`--resource-type model --select`","logger":"airflow.task.hooks.cosmos.hooks.subprocess.FullOutputSubprocessHook"}
{"timestamp":"2025-07-07T03:16:25.444027","level":"info","event":"\u001b[0m03:16:25  Registered adapter: clickhouse=1.9.2","logger":"airflow.task.hooks.cosmos.hooks.subprocess.FullOutputSubprocessHook"}
{"timestamp":"2025-07-07T03:16:26.219739","level":"info","event":"\u001b[0m03:16:26  [\u001b[33mWARNING\u001b[0m]: Configuration paths exist in your dbt_project.yml file which do not apply to any resources.","logger":"airflow.task.hooks.cosmos.hooks.subprocess.FullOutputSubprocessHook"}
{"timestamp":"2025-07-07T03:16:26.219833","level":"info","event":"There are 3 unused configuration paths:","logger":"airflow.task.hooks.cosmos.hooks.subprocess.FullOutputSubprocessHook"}
{"timestamp":"2025-07-07T03:16:26.219861","level":"info","event":"- models.staging","logger":"airflow.task.hooks.cosmos.hooks.subprocess.FullOutputSubprocessHook"}
{"timestamp":"2025-07-07T03:16:26.219884","level":"info","event":"- models.marts","logger":"airflow.task.hooks.cosmos.hooks.subprocess.FullOutputSubprocessHook"}
{"timestamp":"2025-07-07T03:16:26.219903","level":"info","event":"- models.intermediate","logger":"airflow.task.hooks.cosmos.hooks.subprocess.FullOutputSubprocessHook"}
{"timestamp":"2025-07-07T03:16:26.282816","level":"info","event":"\u001b[0m03:16:26  Found 4 models, 3 data tests, 2 sources, 476 macros","logger":"airflow.task.hooks.cosmos.hooks.subprocess.FullOutputSubprocessHook"}
{"timestamp":"2025-07-07T03:16:26.283773","level":"info","event":"\u001b[0m03:16:26","logger":"airflow.task.hooks.cosmos.hooks.subprocess.FullOutputSubprocessHook"}
{"timestamp":"2025-07-07T03:16:26.283971","level":"info","event":"\u001b[0m03:16:26  Concurrency: 1 threads (target='dev')","logger":"airflow.task.hooks.cosmos.hooks.subprocess.FullOutputSubprocessHook"}
{"timestamp":"2025-07-07T03:16:26.284124","level":"info","event":"\u001b[0m03:16:26","logger":"airflow.task.hooks.cosmos.hooks.subprocess.FullOutputSubprocessHook"}
{"timestamp":"2025-07-07T03:16:26.364740","level":"info","event":"\u001b[0m03:16:26  1 of 1 START sql view model `default`.`mart_transactions_summary` .............. [RUN]","logger":"airflow.task.hooks.cosmos.hooks.subprocess.FullOutputSubprocessHook"}
{"timestamp":"2025-07-07T03:16:26.402429","level":"info","event":"\u001b[0m03:16:26  1 of 1 OK created sql view model `default`.`mart_transactions_summary` ......... [\u001b[32mOK\u001b[0m in 0.04s]","logger":"airflow.task.hooks.cosmos.hooks.subprocess.FullOutputSubprocessHook"}
{"timestamp":"2025-07-07T03:16:26.404110","level":"info","event":"\u001b[0m03:16:26","logger":"airflow.task.hooks.cosmos.hooks.subprocess.FullOutputSubprocessHook"}
{"timestamp":"2025-07-07T03:16:26.404182","level":"info","event":"\u001b[0m03:16:26  Finished running 1 view model in 0 hours 0 minutes and 0.12 seconds (0.12s).","logger":"airflow.task.hooks.cosmos.hooks.subprocess.FullOutputSubprocessHook"}
{"timestamp":"2025-07-07T03:16:26.420569","level":"info","event":"\u001b[0m03:16:26","logger":"airflow.task.hooks.cosmos.hooks.subprocess.FullOutputSubprocessHook"}
{"timestamp":"2025-07-07T03:16:26.420742","level":"info","event":"\u001b[0m03:16:26  \u001b[32mCompleted successfully\u001b[0m","logger":"airflow.task.hooks.cosmos.hooks.subprocess.FullOutputSubprocessHook"}
{"timestamp":"2025-07-07T03:16:26.420901","level":"info","event":"\u001b[0m03:16:26","logger":"airflow.task.hooks.cosmos.hooks.subprocess.FullOutputSubprocessHook"}
{"timestamp":"2025-07-07T03:16:26.421072","level":"info","event":"\u001b[0m03:16:26  Done. PASS=1 WARN=0 ERROR=0 SKIP=0 NO-OP=0 TOTAL=1","logger":"airflow.task.hooks.cosmos.hooks.subprocess.FullOutputSubprocessHook"}
{"timestamp":"2025-07-07T03:16:26.421362","level":"info","event":"\u001b[0m03:16:26  [\u001b[33mWARNING\u001b[0m][DeprecationsSummary]: Deprecated functionality","logger":"airflow.task.hooks.cosmos.hooks.subprocess.FullOutputSubprocessHook"}
{"timestamp":"2025-07-07T03:16:26.421412","level":"info","event":"Summary of encountered deprecations:","logger":"airflow.task.hooks.cosmos.hooks.subprocess.FullOutputSubprocessHook"}
{"timestamp":"2025-07-07T03:16:26.421455","level":"info","event":"- ModelParamUsageDeprecation: 1 occurrence","logger":"airflow.task.hooks.cosmos.hooks.subprocess.FullOutputSubprocessHook"}
{"timestamp":"2025-07-07T03:16:26.421475","level":"info","event":"To see all deprecation instances instead of just the first occurrence of each,","logger":"airflow.task.hooks.cosmos.hooks.subprocess.FullOutputSubprocessHook"}
{"timestamp":"2025-07-07T03:16:26.421497","level":"info","event":"run command again with the `--show-all-deprecations` flag. You may also need to","logger":"airflow.task.hooks.cosmos.hooks.subprocess.FullOutputSubprocessHook"}
{"timestamp":"2025-07-07T03:16:26.421528","level":"info","event":"run with `--no-partial-parse` as some deprecations are only encountered during","logger":"airflow.task.hooks.cosmos.hooks.subprocess.FullOutputSubprocessHook"}
{"timestamp":"2025-07-07T03:16:26.421553","level":"info","event":"parsing.","logger":"airflow.task.hooks.cosmos.hooks.subprocess.FullOutputSubprocessHook"}
{"timestamp":"2025-07-07T03:16:27.130662","level":"info","event":"Command exited with return code 0","logger":"airflow.task.hooks.cosmos.hooks.subprocess.FullOutputSubprocessHook"}
{"timestamp":"2025-07-07T03:16:27.130857","level":"info","event":"parsing.","logger":"cosmos.operators.base"}
{"timestamp":"2025-07-07T03:16:27.139873","level":"info","event":"Inlets: []","logger":"cosmos.operators.base"}
{"timestamp":"2025-07-07T03:16:27.139954","level":"info","event":"Outlets: []","logger":"cosmos.operators.base"}
{"timestamp":"2025-07-07T03:16:27.140144","level":"info","event":"Assigning outlets with DatasetAlias in Airflow 3","logger":"cosmos.operators.local"}
