{"timestamp":"2025-07-07T02:25:06.488022","level":"info","event":"DAG bundles loaded: dags-folder","logger":"airflow.dag_processing.bundles.manager.DagBundlesManager"}
{"timestamp":"2025-07-07T02:25:06.488433","level":"info","event":"Filling up the DagBag from /opt/airflow/dags/dbt_clickhouse_dag.py","logger":"airflow.models.dagbag.DagBag"}
{"timestamp":"2025-07-07T02:25:06.492581","level":"info","event":"Trying to parse the dbt project using dbt ls cache cosmos_cache__airline_transactions_dbt_dag__dbt_tasks...","logger":"cosmos.dbt.graph"}
{"timestamp":"2025-07-07T02:25:06.493429","level":"info","event":"Secrets backends loaded for worker","count":1,"backend_classes":["EnvironmentVariablesBackend"],"logger":"supervisor"}
{"timestamp":"2025-07-07T02:25:06.518836","level":"info","event":"Cosmos performance: time to calculate cache identifier cosmos_cache__airline_transactions_dbt_dag__dbt_tasks for current version: 0.01871420799579937","logger":"cosmos.cache"}
{"timestamp":"2025-07-07T02:25:06.518950","level":"info","event":"Cosmos performance [ea72a3b74abb|1788]: The cache size for cosmos_cache__airline_transactions_dbt_dag__dbt_tasks is 7569","logger":"cosmos.dbt.graph"}
{"timestamp":"2025-07-07T02:25:06.519291","level":"info","event":"Cosmos performance: Cache hit for cosmos_cache__airline_transactions_dbt_dag__dbt_tasks - 93a8b0fc30241f430498ad3d2840984a,7b6b28cf4fff879af90a0cc67fbff18c","logger":"cosmos.dbt.graph"}
{"timestamp":"2025-07-07T02:25:06.519347","level":"info","event":"Total nodes: 9","logger":"cosmos.dbt.graph"}
{"timestamp":"2025-07-07T02:25:06.519372","level":"info","event":"Total filtered nodes: 9","logger":"cosmos.dbt.graph"}
{"timestamp":"2025-07-07T02:25:06.519418","level":"info","event":"Cosmos performance (airline_transactions_dbt_dag__dbt_tasks) -  [ea72a3b74abb|1788]: It took 0.027s to parse the dbt project for DAG using LoadMode.DBT_LS_CACHE","logger":"cosmos.converter"}
{"timestamp":"2025-07-07T02:25:06.520117","level":"info","event":"Project /opt/dbt does not have {'dependencies.yml', 'packages.yml'}","logger":"cosmos.dbt.project"}
{"timestamp":"2025-07-07T02:25:06.523237","level":"info","event":"Cosmos performance (airline_transactions_dbt_dag__dbt_tasks) - [ea72a3b74abb|1788]: It took 0.00382s to build the Airflow DAG.","logger":"cosmos.converter"}
{"timestamp":"2025-07-07T02:25:06.523350","level":"warning","event":"Pydantic serializer warnings:\n  PydanticSerializationUnexpectedValue(Expected `str` - serialized value may not be as expected [input_value={'version': '93a8b0fc3024..._group_id': 'dbt_tasks'}, input_type=dict])","category":"UserWarning","filename":"/home/airflow/.local/lib/python3.12/site-packages/pydantic/main.py","lineno":463,"logger":"py.warnings"}
{"timestamp":"2025-07-07T02:25:06.527497","level":"info","event":"Could not import dbtRunner. Falling back to subprocess for invoking dbt.","logger":"cosmos.operators.base"}
{"timestamp":"2025-07-07T02:25:06.527901","level":"info","event":"Cloning project to writable temp directory /tmp/tmpvyl1u38w from /opt/dbt","logger":"cosmos.operators.base"}
{"timestamp":"2025-07-07T02:25:06.528696","level":"info","event":"Profile caching is enable.","logger":"cosmos.config"}
{"timestamp":"2025-07-07T02:25:06.529816","level":"info","event":"Secrets backends loaded for worker","count":1,"backend_classes":["EnvironmentVariablesBackend"],"logger":"supervisor"}
{"timestamp":"2025-07-07T02:25:06.530278","level":"warning","event":"empty cryptography key - values will not be stored encrypted.","logger":"airflow.models.crypto"}
{"timestamp":"2025-07-07T02:25:06.530467","level":"warning","event":"Skipping masking for a secret as it's too short (<5 chars)","logger":"airflow.sdk.execution_time.secrets_masker"}
{"timestamp":"2025-07-07T02:25:06.530523","level":"info","event":"Connection Retrieved 'clickhouse_conn_http'","logger":"airflow.hooks.base"}
{"timestamp":"2025-07-07T02:25:06.532073","level":"info","event":"Profile found in cache using profile: /tmp/cosmos/profile/bb37287b84e957ef876ef848e3bba02a4d6fb75b5fb14bc65a4aa25a1978a680/profiles.yml.","logger":"cosmos.config"}
{"timestamp":"2025-07-07T02:25:06.532172","level":"info","event":"Trying to run the command:\n ['/home/airflow/dbt-venv/bin/dbt', '--no-partial-parse', 'run', '--models', 'mart_transactions_summary', '--project-dir', '/tmp/tmpvyl1u38w', '--profiles-dir', '/tmp/cosmos/profile/bb37287b84e957ef876ef848e3bba02a4d6fb75b5fb14bc65a4aa25a1978a680', '--profile', 'profile', '--target', 'dev']\nFrom /tmp/tmpvyl1u38w","logger":"cosmos.operators.base"}
{"timestamp":"2025-07-07T02:25:06.532272","level":"info","event":"Tmp dir root location: \n /tmp","logger":"airflow.task.hooks.cosmos.hooks.subprocess.FullOutputSubprocessHook"}
{"timestamp":"2025-07-07T02:25:06.532338","level":"info","event":"Running command: ['/home/airflow/dbt-venv/bin/dbt', '--no-partial-parse', 'run', '--models', 'mart_transactions_summary', '--project-dir', '/tmp/tmpvyl1u38w', '--profiles-dir', '/tmp/cosmos/profile/bb37287b84e957ef876ef848e3bba02a4d6fb75b5fb14bc65a4aa25a1978a680', '--profile', 'profile', '--target', 'dev']","logger":"airflow.task.hooks.cosmos.hooks.subprocess.FullOutputSubprocessHook"}
{"timestamp":"2025-07-07T02:25:06.540179","level":"info","event":"Command output:","logger":"airflow.task.hooks.cosmos.hooks.subprocess.FullOutputSubprocessHook"}
{"timestamp":"2025-07-07T02:25:07.750063","level":"info","event":"\u001b[0m02:25:07  Running with dbt=1.10.3","logger":"airflow.task.hooks.cosmos.hooks.subprocess.FullOutputSubprocessHook"}
{"timestamp":"2025-07-07T02:25:07.750571","level":"info","event":"\u001b[0m02:25:07  [\u001b[33mWARNING\u001b[0m]: Deprecated functionality","logger":"airflow.task.hooks.cosmos.hooks.subprocess.FullOutputSubprocessHook"}
{"timestamp":"2025-07-07T02:25:07.750623","level":"info","event":"Usage of `--models`, `--model`, and `-m` is deprecated in favor of","logger":"airflow.task.hooks.cosmos.hooks.subprocess.FullOutputSubprocessHook"}
{"timestamp":"2025-07-07T02:25:07.750650","level":"info","event":"`--resource-type model --select`","logger":"airflow.task.hooks.cosmos.hooks.subprocess.FullOutputSubprocessHook"}
{"timestamp":"2025-07-07T02:25:07.871291","level":"info","event":"\u001b[0m02:25:07  Registered adapter: clickhouse=1.9.2","logger":"airflow.task.hooks.cosmos.hooks.subprocess.FullOutputSubprocessHook"}
{"timestamp":"2025-07-07T02:25:08.624756","level":"info","event":"\u001b[0m02:25:08  [\u001b[33mWARNING\u001b[0m]: Configuration paths exist in your dbt_project.yml file which do not apply to any resources.","logger":"airflow.task.hooks.cosmos.hooks.subprocess.FullOutputSubprocessHook"}
{"timestamp":"2025-07-07T02:25:08.624856","level":"info","event":"There are 3 unused configuration paths:","logger":"airflow.task.hooks.cosmos.hooks.subprocess.FullOutputSubprocessHook"}
{"timestamp":"2025-07-07T02:25:08.624893","level":"info","event":"- models.intermediate","logger":"airflow.task.hooks.cosmos.hooks.subprocess.FullOutputSubprocessHook"}
{"timestamp":"2025-07-07T02:25:08.624930","level":"info","event":"- models.staging","logger":"airflow.task.hooks.cosmos.hooks.subprocess.FullOutputSubprocessHook"}
{"timestamp":"2025-07-07T02:25:08.624965","level":"info","event":"- models.marts","logger":"airflow.task.hooks.cosmos.hooks.subprocess.FullOutputSubprocessHook"}
{"timestamp":"2025-07-07T02:25:08.689910","level":"info","event":"\u001b[0m02:25:08  Found 4 models, 3 data tests, 2 sources, 476 macros","logger":"airflow.task.hooks.cosmos.hooks.subprocess.FullOutputSubprocessHook"}
{"timestamp":"2025-07-07T02:25:08.690869","level":"info","event":"\u001b[0m02:25:08","logger":"airflow.task.hooks.cosmos.hooks.subprocess.FullOutputSubprocessHook"}
{"timestamp":"2025-07-07T02:25:08.691030","level":"info","event":"\u001b[0m02:25:08  Concurrency: 1 threads (target='dev')","logger":"airflow.task.hooks.cosmos.hooks.subprocess.FullOutputSubprocessHook"}
{"timestamp":"2025-07-07T02:25:08.691177","level":"info","event":"\u001b[0m02:25:08","logger":"airflow.task.hooks.cosmos.hooks.subprocess.FullOutputSubprocessHook"}
{"timestamp":"2025-07-07T02:25:08.773904","level":"info","event":"\u001b[0m02:25:08  1 of 1 START sql view model `default`.`mart_transactions_summary` .............. [RUN]","logger":"airflow.task.hooks.cosmos.hooks.subprocess.FullOutputSubprocessHook"}
{"timestamp":"2025-07-07T02:25:08.813264","level":"info","event":"\u001b[0m02:25:08  1 of 1 OK created sql view model `default`.`mart_transactions_summary` ......... [\u001b[32mOK\u001b[0m in 0.04s]","logger":"airflow.task.hooks.cosmos.hooks.subprocess.FullOutputSubprocessHook"}
{"timestamp":"2025-07-07T02:25:08.814916","level":"info","event":"\u001b[0m02:25:08","logger":"airflow.task.hooks.cosmos.hooks.subprocess.FullOutputSubprocessHook"}
{"timestamp":"2025-07-07T02:25:08.815093","level":"info","event":"\u001b[0m02:25:08  Finished running 1 view model in 0 hours 0 minutes and 0.12 seconds (0.12s).","logger":"airflow.task.hooks.cosmos.hooks.subprocess.FullOutputSubprocessHook"}
{"timestamp":"2025-07-07T02:25:08.831423","level":"info","event":"\u001b[0m02:25:08","logger":"airflow.task.hooks.cosmos.hooks.subprocess.FullOutputSubprocessHook"}
{"timestamp":"2025-07-07T02:25:08.831565","level":"info","event":"\u001b[0m02:25:08  \u001b[32mCompleted successfully\u001b[0m","logger":"airflow.task.hooks.cosmos.hooks.subprocess.FullOutputSubprocessHook"}
{"timestamp":"2025-07-07T02:25:08.831746","level":"info","event":"\u001b[0m02:25:08","logger":"airflow.task.hooks.cosmos.hooks.subprocess.FullOutputSubprocessHook"}
{"timestamp":"2025-07-07T02:25:08.831909","level":"info","event":"\u001b[0m02:25:08  Done. PASS=1 WARN=0 ERROR=0 SKIP=0 NO-OP=0 TOTAL=1","logger":"airflow.task.hooks.cosmos.hooks.subprocess.FullOutputSubprocessHook"}
{"timestamp":"2025-07-07T02:25:08.832255","level":"info","event":"\u001b[0m02:25:08  [\u001b[33mWARNING\u001b[0m][DeprecationsSummary]: Deprecated functionality","logger":"airflow.task.hooks.cosmos.hooks.subprocess.FullOutputSubprocessHook"}
{"timestamp":"2025-07-07T02:25:08.832293","level":"info","event":"Summary of encountered deprecations:","logger":"airflow.task.hooks.cosmos.hooks.subprocess.FullOutputSubprocessHook"}
{"timestamp":"2025-07-07T02:25:08.832317","level":"info","event":"- ModelParamUsageDeprecation: 1 occurrence","logger":"airflow.task.hooks.cosmos.hooks.subprocess.FullOutputSubprocessHook"}
{"timestamp":"2025-07-07T02:25:08.832344","level":"info","event":"To see all deprecation instances instead of just the first occurrence of each,","logger":"airflow.task.hooks.cosmos.hooks.subprocess.FullOutputSubprocessHook"}
{"timestamp":"2025-07-07T02:25:08.832376","level":"info","event":"run command again with the `--show-all-deprecations` flag. You may also need to","logger":"airflow.task.hooks.cosmos.hooks.subprocess.FullOutputSubprocessHook"}
{"timestamp":"2025-07-07T02:25:08.832396","level":"info","event":"run with `--no-partial-parse` as some deprecations are only encountered during","logger":"airflow.task.hooks.cosmos.hooks.subprocess.FullOutputSubprocessHook"}
{"timestamp":"2025-07-07T02:25:08.832416","level":"info","event":"parsing.","logger":"airflow.task.hooks.cosmos.hooks.subprocess.FullOutputSubprocessHook"}
{"timestamp":"2025-07-07T02:25:09.464173","level":"info","event":"Command exited with return code 0","logger":"airflow.task.hooks.cosmos.hooks.subprocess.FullOutputSubprocessHook"}
{"timestamp":"2025-07-07T02:25:09.464473","level":"info","event":"parsing.","logger":"cosmos.operators.base"}
{"timestamp":"2025-07-07T02:25:09.474473","level":"info","event":"Inlets: []","logger":"cosmos.operators.base"}
{"timestamp":"2025-07-07T02:25:09.474537","level":"info","event":"Outlets: []","logger":"cosmos.operators.base"}
{"timestamp":"2025-07-07T02:25:09.474748","level":"info","event":"Assigning outlets with DatasetAlias in Airflow 3","logger":"cosmos.operators.local"}
