{"timestamp":"2025-07-06T11:26:28.270879","level":"info","event":"DAG bundles loaded: dags-folder","logger":"airflow.dag_processing.bundles.manager.DagBundlesManager"}
{"timestamp":"2025-07-06T11:26:28.271233","level":"info","event":"Filling up the DagBag from /opt/airflow/dags/dbt_clickhouse_dag.py","logger":"airflow.models.dagbag.DagBag"}
{"timestamp":"2025-07-06T11:26:28.275269","level":"info","event":"Trying to parse the dbt project using dbt ls cache cosmos_cache__airline_transactions_dbt_dag__dbt_tasks...","logger":"cosmos.dbt.graph"}
{"timestamp":"2025-07-06T11:26:28.276458","level":"info","event":"Secrets backends loaded for worker","count":1,"backend_classes":["EnvironmentVariablesBackend"],"logger":"supervisor"}
{"timestamp":"2025-07-06T11:26:28.308605","level":"info","event":"Cosmos performance: time to calculate cache identifier cosmos_cache__airline_transactions_dbt_dag__dbt_tasks for current version: 0.016797167001641355","logger":"cosmos.cache"}
{"timestamp":"2025-07-06T11:26:28.308701","level":"info","event":"Cosmos performance [80b47a37b6e5|90]: The cache size for cosmos_cache__airline_transactions_dbt_dag__dbt_tasks is 8342","logger":"cosmos.dbt.graph"}
{"timestamp":"2025-07-06T11:26:28.308972","level":"info","event":"Cosmos performance: Cache hit for cosmos_cache__airline_transactions_dbt_dag__dbt_tasks - c675c2274a2f90423d239b2647fcedea,7b6b28cf4fff879af90a0cc67fbff18c","logger":"cosmos.dbt.graph"}
{"timestamp":"2025-07-06T11:26:28.309025","level":"info","event":"Total nodes: 10","logger":"cosmos.dbt.graph"}
{"timestamp":"2025-07-06T11:26:28.309052","level":"info","event":"Total filtered nodes: 10","logger":"cosmos.dbt.graph"}
{"timestamp":"2025-07-06T11:26:28.309096","level":"info","event":"Cosmos performance (airline_transactions_dbt_dag__dbt_tasks) -  [80b47a37b6e5|90]: It took 0.0339s to parse the dbt project for DAG using LoadMode.DBT_LS_CACHE","logger":"cosmos.converter"}
{"timestamp":"2025-07-06T11:26:28.309905","level":"info","event":"Project /opt/dbt does not have {'dependencies.yml', 'packages.yml'}","logger":"cosmos.dbt.project"}
{"timestamp":"2025-07-06T11:26:28.312534","level":"info","event":"Cosmos performance (airline_transactions_dbt_dag__dbt_tasks) - [80b47a37b6e5|90]: It took 0.00344s to build the Airflow DAG.","logger":"cosmos.converter"}
{"timestamp":"2025-07-06T11:26:28.312623","level":"warning","event":"Pydantic serializer warnings:\n  PydanticSerializationUnexpectedValue(Expected `str` - serialized value may not be as expected [input_value={'version': 'c675c2274a2f..._group_id': 'dbt_tasks'}, input_type=dict])","category":"UserWarning","filename":"/home/airflow/.local/lib/python3.12/site-packages/pydantic/main.py","lineno":463,"logger":"py.warnings"}
{"timestamp":"2025-07-06T11:26:28.319443","level":"info","event":"Could not import dbtRunner. Falling back to subprocess for invoking dbt.","logger":"cosmos.operators.base"}
{"timestamp":"2025-07-06T11:26:28.319807","level":"info","event":"Cloning project to writable temp directory /tmp/tmp0ot27nrc from /opt/dbt","logger":"cosmos.operators.base"}
{"timestamp":"2025-07-06T11:26:28.321130","level":"info","event":"Profile caching is enable.","logger":"cosmos.config"}
{"timestamp":"2025-07-06T11:26:28.322537","level":"info","event":"Secrets backends loaded for worker","count":1,"backend_classes":["EnvironmentVariablesBackend"],"logger":"supervisor"}
{"timestamp":"2025-07-06T11:26:28.322902","level":"warning","event":"empty cryptography key - values will not be stored encrypted.","logger":"airflow.models.crypto"}
{"timestamp":"2025-07-06T11:26:28.323023","level":"warning","event":"Skipping masking for a secret as it's too short (<5 chars)","logger":"airflow.sdk.execution_time.secrets_masker"}
{"timestamp":"2025-07-06T11:26:28.323073","level":"info","event":"Connection Retrieved 'clickhouse_conn'","logger":"airflow.hooks.base"}
{"timestamp":"2025-07-06T11:26:28.323355","level":"info","event":"Using real values for profile profile","logger":"cosmos.profiles.base"}
{"timestamp":"2025-07-06T11:26:28.324853","level":"info","event":"Profile not found in cache storing and using profile: /tmp/cosmos/profile/bb37287b84e957ef876ef848e3bba02a4d6fb75b5fb14bc65a4aa25a1978a680/profiles.yml.","logger":"cosmos.config"}
{"timestamp":"2025-07-06T11:26:28.324920","level":"info","event":"Trying to run the command:\n ['/home/airflow/dbt-venv/bin/dbt', '--no-partial-parse', 'run', '--models', 'stg_transactions', '--project-dir', '/tmp/tmp0ot27nrc', '--profiles-dir', '/tmp/cosmos/profile/bb37287b84e957ef876ef848e3bba02a4d6fb75b5fb14bc65a4aa25a1978a680', '--profile', 'profile', '--target', 'dev']\nFrom /tmp/tmp0ot27nrc","logger":"cosmos.operators.base"}
{"timestamp":"2025-07-06T11:26:28.324977","level":"info","event":"Tmp dir root location: \n /tmp","logger":"airflow.task.hooks.cosmos.hooks.subprocess.FullOutputSubprocessHook"}
{"timestamp":"2025-07-06T11:26:28.325019","level":"info","event":"Running command: ['/home/airflow/dbt-venv/bin/dbt', '--no-partial-parse', 'run', '--models', 'stg_transactions', '--project-dir', '/tmp/tmp0ot27nrc', '--profiles-dir', '/tmp/cosmos/profile/bb37287b84e957ef876ef848e3bba02a4d6fb75b5fb14bc65a4aa25a1978a680', '--profile', 'profile', '--target', 'dev']","logger":"airflow.task.hooks.cosmos.hooks.subprocess.FullOutputSubprocessHook"}
{"timestamp":"2025-07-06T11:26:28.331070","level":"info","event":"Command output:","logger":"airflow.task.hooks.cosmos.hooks.subprocess.FullOutputSubprocessHook"}
{"timestamp":"2025-07-06T11:26:29.659932","level":"info","event":"\u001b[0m11:26:29  Running with dbt=1.10.3","logger":"airflow.task.hooks.cosmos.hooks.subprocess.FullOutputSubprocessHook"}
{"timestamp":"2025-07-06T11:26:29.660376","level":"info","event":"\u001b[0m11:26:29  [\u001b[33mWARNING\u001b[0m]: Deprecated functionality","logger":"airflow.task.hooks.cosmos.hooks.subprocess.FullOutputSubprocessHook"}
{"timestamp":"2025-07-06T11:26:29.660419","level":"info","event":"Usage of `--models`, `--model`, and `-m` is deprecated in favor of","logger":"airflow.task.hooks.cosmos.hooks.subprocess.FullOutputSubprocessHook"}
{"timestamp":"2025-07-06T11:26:29.660446","level":"info","event":"`--resource-type model --select`","logger":"airflow.task.hooks.cosmos.hooks.subprocess.FullOutputSubprocessHook"}
{"timestamp":"2025-07-06T11:26:29.776210","level":"info","event":"\u001b[0m11:26:29  Registered adapter: clickhouse=1.9.2","logger":"airflow.task.hooks.cosmos.hooks.subprocess.FullOutputSubprocessHook"}
{"timestamp":"2025-07-06T11:26:30.591703","level":"info","event":"\u001b[0m11:26:30  [\u001b[33mWARNING\u001b[0m]: Configuration paths exist in your dbt_project.yml file which do not apply to any resources.","logger":"airflow.task.hooks.cosmos.hooks.subprocess.FullOutputSubprocessHook"}
{"timestamp":"2025-07-06T11:26:30.591798","level":"info","event":"There are 3 unused configuration paths:","logger":"airflow.task.hooks.cosmos.hooks.subprocess.FullOutputSubprocessHook"}
{"timestamp":"2025-07-06T11:26:30.591826","level":"info","event":"- models.staging","logger":"airflow.task.hooks.cosmos.hooks.subprocess.FullOutputSubprocessHook"}
{"timestamp":"2025-07-06T11:26:30.591847","level":"info","event":"- models.intermediate","logger":"airflow.task.hooks.cosmos.hooks.subprocess.FullOutputSubprocessHook"}
{"timestamp":"2025-07-06T11:26:30.591867","level":"info","event":"- models.marts","logger":"airflow.task.hooks.cosmos.hooks.subprocess.FullOutputSubprocessHook"}
{"timestamp":"2025-07-06T11:26:30.657749","level":"info","event":"\u001b[0m11:26:30  Found 4 models, 4 data tests, 2 sources, 476 macros","logger":"airflow.task.hooks.cosmos.hooks.subprocess.FullOutputSubprocessHook"}
{"timestamp":"2025-07-06T11:26:30.658667","level":"info","event":"\u001b[0m11:26:30","logger":"airflow.task.hooks.cosmos.hooks.subprocess.FullOutputSubprocessHook"}
{"timestamp":"2025-07-06T11:26:30.658904","level":"info","event":"\u001b[0m11:26:30  Concurrency: 1 threads (target='dev')","logger":"airflow.task.hooks.cosmos.hooks.subprocess.FullOutputSubprocessHook"}
{"timestamp":"2025-07-06T11:26:30.658975","level":"info","event":"\u001b[0m11:26:30","logger":"airflow.task.hooks.cosmos.hooks.subprocess.FullOutputSubprocessHook"}
{"timestamp":"2025-07-06T11:26:30.757988","level":"info","event":"\u001b[0m11:26:30  1 of 1 START sql view model `default`.`stg_transactions` ....................... [RUN]","logger":"airflow.task.hooks.cosmos.hooks.subprocess.FullOutputSubprocessHook"}
{"timestamp":"2025-07-06T11:26:30.795076","level":"info","event":"\u001b[0m11:26:30  1 of 1 ERROR creating sql view model `default`.`stg_transactions` .............. [\u001b[31mERROR\u001b[0m in 0.04s]","logger":"airflow.task.hooks.cosmos.hooks.subprocess.FullOutputSubprocessHook"}
{"timestamp":"2025-07-06T11:26:30.797615","level":"info","event":"\u001b[0m11:26:30","logger":"airflow.task.hooks.cosmos.hooks.subprocess.FullOutputSubprocessHook"}
{"timestamp":"2025-07-06T11:26:30.797796","level":"info","event":"\u001b[0m11:26:30  Finished running 1 view model in 0 hours 0 minutes and 0.14 seconds (0.14s).","logger":"airflow.task.hooks.cosmos.hooks.subprocess.FullOutputSubprocessHook"}
{"timestamp":"2025-07-06T11:26:30.814753","level":"info","event":"\u001b[0m11:26:30","logger":"airflow.task.hooks.cosmos.hooks.subprocess.FullOutputSubprocessHook"}
{"timestamp":"2025-07-06T11:26:30.814945","level":"info","event":"\u001b[0m11:26:30  \u001b[31mCompleted with 1 error, 0 partial successes, and 0 warnings:\u001b[0m","logger":"airflow.task.hooks.cosmos.hooks.subprocess.FullOutputSubprocessHook"}
{"timestamp":"2025-07-06T11:26:30.815099","level":"info","event":"\u001b[0m11:26:30","logger":"airflow.task.hooks.cosmos.hooks.subprocess.FullOutputSubprocessHook"}
{"timestamp":"2025-07-06T11:26:30.815330","level":"info","event":"\u001b[0m11:26:30  \u001b[31mFailure in model stg_transactions (models/staging/stg_transactions.sql)\u001b[0m","logger":"airflow.task.hooks.cosmos.hooks.subprocess.FullOutputSubprocessHook"}
{"timestamp":"2025-07-06T11:26:30.815537","level":"info","event":"\u001b[0m11:26:30    Database Error in model stg_transactions (models/staging/stg_transactions.sql)","logger":"airflow.task.hooks.cosmos.hooks.subprocess.FullOutputSubprocessHook"}
{"timestamp":"2025-07-06T11:26:30.815578","level":"info","event":"  HTTPDriver for http://clickhouse:8123 received ClickHouse error code 43","logger":"airflow.task.hooks.cosmos.hooks.subprocess.FullOutputSubprocessHook"}
{"timestamp":"2025-07-06T11:26:30.815602","level":"info","event":"   Code: 43. DB::Exception: Nested type Array(String) cannot be inside Nullable type: In scope SELECT UniqueId, TransactionDateUTC, OriginAirportCode, DestinationAirportCode, Itinerary, OneWayOrReturn, JSONExtractArrayRaw(Segment) AS SegmentArray FROM base. (ILLEGAL_TYPE_OF_ARGUMENT) (version 25.6.1.3206 (official build))","logger":"airflow.task.hooks.cosmos.hooks.subprocess.FullOutputSubprocessHook"}
{"timestamp":"2025-07-06T11:26:30.815634","level":"info","event":"  compiled code at target/run/airline_transactions/models/staging/stg_transactions.sql","logger":"airflow.task.hooks.cosmos.hooks.subprocess.FullOutputSubprocessHook"}
{"timestamp":"2025-07-06T11:26:30.815657","level":"info","event":"\u001b[0m11:26:30","logger":"airflow.task.hooks.cosmos.hooks.subprocess.FullOutputSubprocessHook"}
{"timestamp":"2025-07-06T11:26:30.815853","level":"info","event":"\u001b[0m11:26:30    compiled code at target/compiled/airline_transactions/models/staging/stg_transactions.sql","logger":"airflow.task.hooks.cosmos.hooks.subprocess.FullOutputSubprocessHook"}
{"timestamp":"2025-07-06T11:26:30.816002","level":"info","event":"\u001b[0m11:26:30","logger":"airflow.task.hooks.cosmos.hooks.subprocess.FullOutputSubprocessHook"}
{"timestamp":"2025-07-06T11:26:30.816176","level":"info","event":"\u001b[0m11:26:30  Done. PASS=0 WARN=0 ERROR=1 SKIP=0 NO-OP=0 TOTAL=1","logger":"airflow.task.hooks.cosmos.hooks.subprocess.FullOutputSubprocessHook"}
{"timestamp":"2025-07-06T11:26:30.816504","level":"info","event":"\u001b[0m11:26:30  [\u001b[33mWARNING\u001b[0m][DeprecationsSummary]: Deprecated functionality","logger":"airflow.task.hooks.cosmos.hooks.subprocess.FullOutputSubprocessHook"}
{"timestamp":"2025-07-06T11:26:30.816539","level":"info","event":"Summary of encountered deprecations:","logger":"airflow.task.hooks.cosmos.hooks.subprocess.FullOutputSubprocessHook"}
{"timestamp":"2025-07-06T11:26:30.816560","level":"info","event":"- ModelParamUsageDeprecation: 1 occurrence","logger":"airflow.task.hooks.cosmos.hooks.subprocess.FullOutputSubprocessHook"}
{"timestamp":"2025-07-06T11:26:30.816579","level":"info","event":"To see all deprecation instances instead of just the first occurrence of each,","logger":"airflow.task.hooks.cosmos.hooks.subprocess.FullOutputSubprocessHook"}
{"timestamp":"2025-07-06T11:26:30.816598","level":"info","event":"run command again with the `--show-all-deprecations` flag. You may also need to","logger":"airflow.task.hooks.cosmos.hooks.subprocess.FullOutputSubprocessHook"}
{"timestamp":"2025-07-06T11:26:30.816617","level":"info","event":"run with `--no-partial-parse` as some deprecations are only encountered during","logger":"airflow.task.hooks.cosmos.hooks.subprocess.FullOutputSubprocessHook"}
{"timestamp":"2025-07-06T11:26:30.816635","level":"info","event":"parsing.","logger":"airflow.task.hooks.cosmos.hooks.subprocess.FullOutputSubprocessHook"}
{"timestamp":"2025-07-06T11:26:31.549422","level":"info","event":"Command exited with return code 1","logger":"airflow.task.hooks.cosmos.hooks.subprocess.FullOutputSubprocessHook"}
{"timestamp":"2025-07-06T11:26:31.549568","level":"info","event":"parsing.","logger":"cosmos.operators.base"}
{"timestamp":"2025-07-06T11:26:31.556742","level":"info","event":"Inlets: []","logger":"cosmos.operators.base"}
{"timestamp":"2025-07-06T11:26:31.556798","level":"info","event":"Outlets: []","logger":"cosmos.operators.base"}
{"timestamp":"2025-07-06T11:26:31.556925","level":"info","event":"Assigning outlets with DatasetAlias in Airflow 3","logger":"cosmos.operators.local"}
{"timestamp":"2025-07-06T11:26:31.557391","level":"error","event":"\u001b[0m11:26:29  Running with dbt=1.10.3\n\u001b[0m11:26:29  [\u001b[33mWARNING\u001b[0m]: Deprecated functionality\nUsage of `--models`, `--model`, and `-m` is deprecated in favor of\n`--resource-type model --select`\n\u001b[0m11:26:29  Registered adapter: clickhouse=1.9.2\n\u001b[0m11:26:30  [\u001b[33mWARNING\u001b[0m]: Configuration paths exist in your dbt_project.yml file which do not apply to any resources.\nThere are 3 unused configuration paths:\n- models.staging\n- models.intermediate\n- models.marts\n\u001b[0m11:26:30  Found 4 models, 4 data tests, 2 sources, 476 macros\n\u001b[0m11:26:30\n\u001b[0m11:26:30  Concurrency: 1 threads (target='dev')\n\u001b[0m11:26:30\n\u001b[0m11:26:30  1 of 1 START sql view model `default`.`stg_transactions` ....................... [RUN]\n\u001b[0m11:26:30  1 of 1 ERROR creating sql view model `default`.`stg_transactions` .............. [\u001b[31mERROR\u001b[0m in 0.04s]\n\u001b[0m11:26:30\n\u001b[0m11:26:30  Finished running 1 view model in 0 hours 0 minutes and 0.14 seconds (0.14s).\n\u001b[0m11:26:30\n\u001b[0m11:26:30  \u001b[31mCompleted with 1 error, 0 partial successes, and 0 warnings:\u001b[0m\n\u001b[0m11:26:30\n\u001b[0m11:26:30  \u001b[31mFailure in model stg_transactions (models/staging/stg_transactions.sql)\u001b[0m\n\u001b[0m11:26:30    Database Error in model stg_transactions (models/staging/stg_transactions.sql)\n  HTTPDriver for http://clickhouse:8123 received ClickHouse error code 43\n   Code: 43. DB::Exception: Nested type Array(String) cannot be inside Nullable type: In scope SELECT UniqueId, TransactionDateUTC, OriginAirportCode, DestinationAirportCode, Itinerary, OneWayOrReturn, JSONExtractArrayRaw(Segment) AS SegmentArray FROM base. (ILLEGAL_TYPE_OF_ARGUMENT) (version 25.6.1.3206 (official build))\n  compiled code at target/run/airline_transactions/models/staging/stg_transactions.sql\n\u001b[0m11:26:30\n\u001b[0m11:26:30    compiled code at target/compiled/airline_transactions/models/staging/stg_transactions.sql\n\u001b[0m11:26:30\n\u001b[0m11:26:30  Done. PASS=0 WARN=0 ERROR=1 SKIP=0 NO-OP=0 TOTAL=1\n\u001b[0m11:26:30  [\u001b[33mWARNING\u001b[0m][DeprecationsSummary]: Deprecated functionality\nSummary of encountered deprecations:\n- ModelParamUsageDeprecation: 1 occurrence\nTo see all deprecation instances instead of just the first occurrence of each,\nrun command again with the `--show-all-deprecations` flag. You may also need to\nrun with `--no-partial-parse` as some deprecations are only encountered during\nparsing.","logger":"cosmos.operators.base"}
{"timestamp":"2025-07-06T11:26:31.558068","level":"error","event":"Task failed with exception","logger":"task","error_detail":[{"exc_type":"AirflowException","exc_value":"dbt command failed. The command returned a non-zero exit code 1.","exc_notes":[],"syntax_error":null,"is_cause":false,"frames":[{"filename":"/home/airflow/.local/lib/python3.12/site-packages/airflow/sdk/execution_time/task_runner.py","lineno":838,"name":"run"},{"filename":"/home/airflow/.local/lib/python3.12/site-packages/airflow/sdk/execution_time/task_runner.py","lineno":1125,"name":"_execute_task"},{"filename":"/home/airflow/.local/lib/python3.12/site-packages/cosmos/operators/base.py","lineno":310,"name":"execute"},{"filename":"/home/airflow/.local/lib/python3.12/site-packages/cosmos/operators/local.py","lineno":842,"name":"build_and_run_cmd"},{"filename":"/home/airflow/.local/lib/python3.12/site-packages/cosmos/operators/local.py","lineno":639,"name":"run_command"},{"filename":"/home/airflow/.local/lib/python3.12/site-packages/cosmos/operators/local.py","lineno":254,"name":"handle_exception_subprocess"}]}]}
