{"timestamp":"2025-07-06T11:15:37.477104","level":"info","event":"DAG bundles loaded: dags-folder","logger":"airflow.dag_processing.bundles.manager.DagBundlesManager"}
{"timestamp":"2025-07-06T11:15:37.477458","level":"info","event":"Filling up the DagBag from /opt/airflow/dags/dbt_clickhouse_dag.py","logger":"airflow.models.dagbag.DagBag"}
{"timestamp":"2025-07-06T11:15:37.493140","level":"info","event":"Trying to parse the dbt project using dbt ls cache cosmos_cache__airline_transactions_dbt_dag__dbt_tasks...","logger":"cosmos.dbt.graph"}
{"timestamp":"2025-07-06T11:15:37.493930","level":"info","event":"Secrets backends loaded for worker","count":1,"backend_classes":["EnvironmentVariablesBackend"],"logger":"supervisor"}
{"timestamp":"2025-07-06T11:15:37.532680","level":"info","event":"Cosmos performance: time to calculate cache identifier cosmos_cache__airline_transactions_dbt_dag__dbt_tasks for current version: 0.016836499999044463","logger":"cosmos.cache"}
{"timestamp":"2025-07-06T11:15:37.532807","level":"info","event":"Cosmos performance [8ae5c19c96d6|85]: The cache size for cosmos_cache__airline_transactions_dbt_dag__dbt_tasks is 8342","logger":"cosmos.dbt.graph"}
{"timestamp":"2025-07-06T11:15:37.533092","level":"info","event":"Cosmos performance: Cache hit for cosmos_cache__airline_transactions_dbt_dag__dbt_tasks - 901be8574a0f5d7f1f9039ac202cf049,7b6b28cf4fff879af90a0cc67fbff18c","logger":"cosmos.dbt.graph"}
{"timestamp":"2025-07-06T11:15:37.533137","level":"info","event":"Total nodes: 10","logger":"cosmos.dbt.graph"}
{"timestamp":"2025-07-06T11:15:37.533162","level":"info","event":"Total filtered nodes: 10","logger":"cosmos.dbt.graph"}
{"timestamp":"2025-07-06T11:15:37.533212","level":"info","event":"Cosmos performance (airline_transactions_dbt_dag__dbt_tasks) -  [8ae5c19c96d6|85]: It took 0.0401s to parse the dbt project for DAG using LoadMode.DBT_LS_CACHE","logger":"cosmos.converter"}
{"timestamp":"2025-07-06T11:15:37.534130","level":"info","event":"Project /opt/dbt does not have {'dependencies.yml', 'packages.yml'}","logger":"cosmos.dbt.project"}
{"timestamp":"2025-07-06T11:15:37.537361","level":"info","event":"Cosmos performance (airline_transactions_dbt_dag__dbt_tasks) - [8ae5c19c96d6|85]: It took 0.00415s to build the Airflow DAG.","logger":"cosmos.converter"}
{"timestamp":"2025-07-06T11:15:37.537497","level":"warning","event":"Pydantic serializer warnings:\n  PydanticSerializationUnexpectedValue(Expected `str` - serialized value may not be as expected [input_value={'version': '901be8574a0f..._group_id': 'dbt_tasks'}, input_type=dict])","category":"UserWarning","filename":"/home/airflow/.local/lib/python3.12/site-packages/pydantic/main.py","lineno":463,"logger":"py.warnings"}
{"timestamp":"2025-07-06T11:15:37.546233","level":"info","event":"Could not import dbtRunner. Falling back to subprocess for invoking dbt.","logger":"cosmos.operators.base"}
{"timestamp":"2025-07-06T11:15:37.546719","level":"info","event":"Cloning project to writable temp directory /tmp/tmpx991nedl from /opt/dbt","logger":"cosmos.operators.base"}
{"timestamp":"2025-07-06T11:15:37.547799","level":"info","event":"Profile caching is enable.","logger":"cosmos.config"}
{"timestamp":"2025-07-06T11:15:37.549427","level":"info","event":"Secrets backends loaded for worker","count":1,"backend_classes":["EnvironmentVariablesBackend"],"logger":"supervisor"}
{"timestamp":"2025-07-06T11:15:37.549974","level":"warning","event":"empty cryptography key - values will not be stored encrypted.","logger":"airflow.models.crypto"}
{"timestamp":"2025-07-06T11:15:37.550151","level":"warning","event":"Skipping masking for a secret as it's too short (<5 chars)","logger":"airflow.sdk.execution_time.secrets_masker"}
{"timestamp":"2025-07-06T11:15:37.550240","level":"info","event":"Connection Retrieved 'clickhouse_conn'","logger":"airflow.hooks.base"}
{"timestamp":"2025-07-06T11:15:37.550630","level":"info","event":"Using real values for profile profile","logger":"cosmos.profiles.base"}
{"timestamp":"2025-07-06T11:15:37.552996","level":"info","event":"Profile not found in cache storing and using profile: /tmp/cosmos/profile/bb37287b84e957ef876ef848e3bba02a4d6fb75b5fb14bc65a4aa25a1978a680/profiles.yml.","logger":"cosmos.config"}
{"timestamp":"2025-07-06T11:15:37.553087","level":"info","event":"Trying to run the command:\n ['/home/airflow/dbt-venv/bin/dbt', '--no-partial-parse', 'run', '--models', 'stg_transactions', '--project-dir', '/tmp/tmpx991nedl', '--profiles-dir', '/tmp/cosmos/profile/bb37287b84e957ef876ef848e3bba02a4d6fb75b5fb14bc65a4aa25a1978a680', '--profile', 'profile', '--target', 'dev']\nFrom /tmp/tmpx991nedl","logger":"cosmos.operators.base"}
{"timestamp":"2025-07-06T11:15:37.553173","level":"info","event":"Tmp dir root location: \n /tmp","logger":"airflow.task.hooks.cosmos.hooks.subprocess.FullOutputSubprocessHook"}
{"timestamp":"2025-07-06T11:15:37.553228","level":"info","event":"Running command: ['/home/airflow/dbt-venv/bin/dbt', '--no-partial-parse', 'run', '--models', 'stg_transactions', '--project-dir', '/tmp/tmpx991nedl', '--profiles-dir', '/tmp/cosmos/profile/bb37287b84e957ef876ef848e3bba02a4d6fb75b5fb14bc65a4aa25a1978a680', '--profile', 'profile', '--target', 'dev']","logger":"airflow.task.hooks.cosmos.hooks.subprocess.FullOutputSubprocessHook"}
{"timestamp":"2025-07-06T11:15:37.562122","level":"info","event":"Command output:","logger":"airflow.task.hooks.cosmos.hooks.subprocess.FullOutputSubprocessHook"}
{"timestamp":"2025-07-06T11:15:38.968845","level":"info","event":"\u001b[0m11:15:38  Running with dbt=1.10.3","logger":"airflow.task.hooks.cosmos.hooks.subprocess.FullOutputSubprocessHook"}
{"timestamp":"2025-07-06T11:15:38.969367","level":"info","event":"\u001b[0m11:15:38  [\u001b[33mWARNING\u001b[0m]: Deprecated functionality","logger":"airflow.task.hooks.cosmos.hooks.subprocess.FullOutputSubprocessHook"}
{"timestamp":"2025-07-06T11:15:38.969411","level":"info","event":"Usage of `--models`, `--model`, and `-m` is deprecated in favor of","logger":"airflow.task.hooks.cosmos.hooks.subprocess.FullOutputSubprocessHook"}
{"timestamp":"2025-07-06T11:15:38.969439","level":"info","event":"`--resource-type model --select`","logger":"airflow.task.hooks.cosmos.hooks.subprocess.FullOutputSubprocessHook"}
{"timestamp":"2025-07-06T11:15:39.112350","level":"info","event":"\u001b[0m11:15:39  Registered adapter: clickhouse=1.9.2","logger":"airflow.task.hooks.cosmos.hooks.subprocess.FullOutputSubprocessHook"}
{"timestamp":"2025-07-06T11:15:39.931846","level":"info","event":"\u001b[0m11:15:39  [\u001b[33mWARNING\u001b[0m]: Configuration paths exist in your dbt_project.yml file which do not apply to any resources.","logger":"airflow.task.hooks.cosmos.hooks.subprocess.FullOutputSubprocessHook"}
{"timestamp":"2025-07-06T11:15:39.931932","level":"info","event":"There are 3 unused configuration paths:","logger":"airflow.task.hooks.cosmos.hooks.subprocess.FullOutputSubprocessHook"}
{"timestamp":"2025-07-06T11:15:39.931959","level":"info","event":"- models.staging","logger":"airflow.task.hooks.cosmos.hooks.subprocess.FullOutputSubprocessHook"}
{"timestamp":"2025-07-06T11:15:39.931984","level":"info","event":"- models.marts","logger":"airflow.task.hooks.cosmos.hooks.subprocess.FullOutputSubprocessHook"}
{"timestamp":"2025-07-06T11:15:39.932005","level":"info","event":"- models.intermediate","logger":"airflow.task.hooks.cosmos.hooks.subprocess.FullOutputSubprocessHook"}
{"timestamp":"2025-07-06T11:15:39.999861","level":"info","event":"\u001b[0m11:15:39  Found 4 models, 4 data tests, 2 sources, 476 macros","logger":"airflow.task.hooks.cosmos.hooks.subprocess.FullOutputSubprocessHook"}
{"timestamp":"2025-07-06T11:15:40.000919","level":"info","event":"\u001b[0m11:15:40","logger":"airflow.task.hooks.cosmos.hooks.subprocess.FullOutputSubprocessHook"}
{"timestamp":"2025-07-06T11:15:40.001080","level":"info","event":"\u001b[0m11:15:40  Concurrency: 1 threads (target='dev')","logger":"airflow.task.hooks.cosmos.hooks.subprocess.FullOutputSubprocessHook"}
{"timestamp":"2025-07-06T11:15:40.001241","level":"info","event":"\u001b[0m11:15:40","logger":"airflow.task.hooks.cosmos.hooks.subprocess.FullOutputSubprocessHook"}
{"timestamp":"2025-07-06T11:15:40.134746","level":"info","event":"\u001b[0m11:15:40  1 of 1 START sql view model `default`.`stg_transactions` ....................... [RUN]","logger":"airflow.task.hooks.cosmos.hooks.subprocess.FullOutputSubprocessHook"}
{"timestamp":"2025-07-06T11:15:40.182157","level":"info","event":"\u001b[0m11:15:40  1 of 1 ERROR creating sql view model `default`.`stg_transactions` .............. [\u001b[31mERROR\u001b[0m in 0.05s]","logger":"airflow.task.hooks.cosmos.hooks.subprocess.FullOutputSubprocessHook"}
{"timestamp":"2025-07-06T11:15:40.184892","level":"info","event":"\u001b[0m11:15:40","logger":"airflow.task.hooks.cosmos.hooks.subprocess.FullOutputSubprocessHook"}
{"timestamp":"2025-07-06T11:15:40.185053","level":"info","event":"\u001b[0m11:15:40  Finished running 1 view model in 0 hours 0 minutes and 0.18 seconds (0.18s).","logger":"airflow.task.hooks.cosmos.hooks.subprocess.FullOutputSubprocessHook"}
{"timestamp":"2025-07-06T11:15:40.201857","level":"info","event":"\u001b[0m11:15:40","logger":"airflow.task.hooks.cosmos.hooks.subprocess.FullOutputSubprocessHook"}
{"timestamp":"2025-07-06T11:15:40.202005","level":"info","event":"\u001b[0m11:15:40  \u001b[31mCompleted with 1 error, 0 partial successes, and 0 warnings:\u001b[0m","logger":"airflow.task.hooks.cosmos.hooks.subprocess.FullOutputSubprocessHook"}
{"timestamp":"2025-07-06T11:15:40.202187","level":"info","event":"\u001b[0m11:15:40","logger":"airflow.task.hooks.cosmos.hooks.subprocess.FullOutputSubprocessHook"}
{"timestamp":"2025-07-06T11:15:40.202419","level":"info","event":"\u001b[0m11:15:40  \u001b[31mFailure in model stg_transactions (models/staging/stg_transactions.sql)\u001b[0m","logger":"airflow.task.hooks.cosmos.hooks.subprocess.FullOutputSubprocessHook"}
{"timestamp":"2025-07-06T11:15:40.202623","level":"info","event":"\u001b[0m11:15:40    Database Error in model stg_transactions (models/staging/stg_transactions.sql)","logger":"airflow.task.hooks.cosmos.hooks.subprocess.FullOutputSubprocessHook"}
{"timestamp":"2025-07-06T11:15:40.202659","level":"info","event":"  HTTPDriver for http://clickhouse:8123 received ClickHouse error code 43","logger":"airflow.task.hooks.cosmos.hooks.subprocess.FullOutputSubprocessHook"}
{"timestamp":"2025-07-06T11:15:40.202688","level":"info","event":"   Code: 43. DB::Exception: A value of illegal type was provided as 1st argument 'string' to function 'parseDateTime64BestEffortOrNull'. Expected: String or FixedString, got: DateTime64(3): In scope SELECT UniqueId, parseDateTime64BestEffortOrNull(TransactionDateUTC) AS TransactionDateUTC, OriginAirportCode, DestinationAirportCode, Itinerary, OneWayOrReturn, JSONExtractArrayRaw(Segment) AS SegmentArray FROM base. (ILLEGAL_TYPE_OF_ARGUMENT) (version 25.6.1.3206 (official build))","logger":"airflow.task.hooks.cosmos.hooks.subprocess.FullOutputSubprocessHook"}
{"timestamp":"2025-07-06T11:15:40.202719","level":"info","event":"  compiled code at target/run/airline_transactions/models/staging/stg_transactions.sql","logger":"airflow.task.hooks.cosmos.hooks.subprocess.FullOutputSubprocessHook"}
{"timestamp":"2025-07-06T11:15:40.202741","level":"info","event":"\u001b[0m11:15:40","logger":"airflow.task.hooks.cosmos.hooks.subprocess.FullOutputSubprocessHook"}
{"timestamp":"2025-07-06T11:15:40.202948","level":"info","event":"\u001b[0m11:15:40    compiled code at target/compiled/airline_transactions/models/staging/stg_transactions.sql","logger":"airflow.task.hooks.cosmos.hooks.subprocess.FullOutputSubprocessHook"}
{"timestamp":"2025-07-06T11:15:40.203092","level":"info","event":"\u001b[0m11:15:40","logger":"airflow.task.hooks.cosmos.hooks.subprocess.FullOutputSubprocessHook"}
{"timestamp":"2025-07-06T11:15:40.203264","level":"info","event":"\u001b[0m11:15:40  Done. PASS=0 WARN=0 ERROR=1 SKIP=0 NO-OP=0 TOTAL=1","logger":"airflow.task.hooks.cosmos.hooks.subprocess.FullOutputSubprocessHook"}
{"timestamp":"2025-07-06T11:15:40.203587","level":"info","event":"\u001b[0m11:15:40  [\u001b[33mWARNING\u001b[0m][DeprecationsSummary]: Deprecated functionality","logger":"airflow.task.hooks.cosmos.hooks.subprocess.FullOutputSubprocessHook"}
{"timestamp":"2025-07-06T11:15:40.203623","level":"info","event":"Summary of encountered deprecations:","logger":"airflow.task.hooks.cosmos.hooks.subprocess.FullOutputSubprocessHook"}
{"timestamp":"2025-07-06T11:15:40.203644","level":"info","event":"- ModelParamUsageDeprecation: 1 occurrence","logger":"airflow.task.hooks.cosmos.hooks.subprocess.FullOutputSubprocessHook"}
{"timestamp":"2025-07-06T11:15:40.203663","level":"info","event":"To see all deprecation instances instead of just the first occurrence of each,","logger":"airflow.task.hooks.cosmos.hooks.subprocess.FullOutputSubprocessHook"}
{"timestamp":"2025-07-06T11:15:40.203687","level":"info","event":"run command again with the `--show-all-deprecations` flag. You may also need to","logger":"airflow.task.hooks.cosmos.hooks.subprocess.FullOutputSubprocessHook"}
{"timestamp":"2025-07-06T11:15:40.203707","level":"info","event":"run with `--no-partial-parse` as some deprecations are only encountered during","logger":"airflow.task.hooks.cosmos.hooks.subprocess.FullOutputSubprocessHook"}
{"timestamp":"2025-07-06T11:15:40.203729","level":"info","event":"parsing.","logger":"airflow.task.hooks.cosmos.hooks.subprocess.FullOutputSubprocessHook"}
{"timestamp":"2025-07-06T11:15:40.980811","level":"info","event":"Command exited with return code 1","logger":"airflow.task.hooks.cosmos.hooks.subprocess.FullOutputSubprocessHook"}
{"timestamp":"2025-07-06T11:15:40.980971","level":"info","event":"parsing.","logger":"cosmos.operators.base"}
{"timestamp":"2025-07-06T11:15:40.989689","level":"info","event":"Inlets: []","logger":"cosmos.operators.base"}
{"timestamp":"2025-07-06T11:15:40.989752","level":"info","event":"Outlets: []","logger":"cosmos.operators.base"}
{"timestamp":"2025-07-06T11:15:40.989884","level":"info","event":"Assigning outlets with DatasetAlias in Airflow 3","logger":"cosmos.operators.local"}
{"timestamp":"2025-07-06T11:15:40.990397","level":"error","event":"\u001b[0m11:15:38  Running with dbt=1.10.3\n\u001b[0m11:15:38  [\u001b[33mWARNING\u001b[0m]: Deprecated functionality\nUsage of `--models`, `--model`, and `-m` is deprecated in favor of\n`--resource-type model --select`\n\u001b[0m11:15:39  Registered adapter: clickhouse=1.9.2\n\u001b[0m11:15:39  [\u001b[33mWARNING\u001b[0m]: Configuration paths exist in your dbt_project.yml file which do not apply to any resources.\nThere are 3 unused configuration paths:\n- models.staging\n- models.marts\n- models.intermediate\n\u001b[0m11:15:39  Found 4 models, 4 data tests, 2 sources, 476 macros\n\u001b[0m11:15:40\n\u001b[0m11:15:40  Concurrency: 1 threads (target='dev')\n\u001b[0m11:15:40\n\u001b[0m11:15:40  1 of 1 START sql view model `default`.`stg_transactions` ....................... [RUN]\n\u001b[0m11:15:40  1 of 1 ERROR creating sql view model `default`.`stg_transactions` .............. [\u001b[31mERROR\u001b[0m in 0.05s]\n\u001b[0m11:15:40\n\u001b[0m11:15:40  Finished running 1 view model in 0 hours 0 minutes and 0.18 seconds (0.18s).\n\u001b[0m11:15:40\n\u001b[0m11:15:40  \u001b[31mCompleted with 1 error, 0 partial successes, and 0 warnings:\u001b[0m\n\u001b[0m11:15:40\n\u001b[0m11:15:40  \u001b[31mFailure in model stg_transactions (models/staging/stg_transactions.sql)\u001b[0m\n\u001b[0m11:15:40    Database Error in model stg_transactions (models/staging/stg_transactions.sql)\n  HTTPDriver for http://clickhouse:8123 received ClickHouse error code 43\n   Code: 43. DB::Exception: A value of illegal type was provided as 1st argument 'string' to function 'parseDateTime64BestEffortOrNull'. Expected: String or FixedString, got: DateTime64(3): In scope SELECT UniqueId, parseDateTime64BestEffortOrNull(TransactionDateUTC) AS TransactionDateUTC, OriginAirportCode, DestinationAirportCode, Itinerary, OneWayOrReturn, JSONExtractArrayRaw(Segment) AS SegmentArray FROM base. (ILLEGAL_TYPE_OF_ARGUMENT) (version 25.6.1.3206 (official build))\n  compiled code at target/run/airline_transactions/models/staging/stg_transactions.sql\n\u001b[0m11:15:40\n\u001b[0m11:15:40    compiled code at target/compiled/airline_transactions/models/staging/stg_transactions.sql\n\u001b[0m11:15:40\n\u001b[0m11:15:40  Done. PASS=0 WARN=0 ERROR=1 SKIP=0 NO-OP=0 TOTAL=1\n\u001b[0m11:15:40  [\u001b[33mWARNING\u001b[0m][DeprecationsSummary]: Deprecated functionality\nSummary of encountered deprecations:\n- ModelParamUsageDeprecation: 1 occurrence\nTo see all deprecation instances instead of just the first occurrence of each,\nrun command again with the `--show-all-deprecations` flag. You may also need to\nrun with `--no-partial-parse` as some deprecations are only encountered during\nparsing.","logger":"cosmos.operators.base"}
{"timestamp":"2025-07-06T11:15:40.991119","level":"error","event":"Task failed with exception","logger":"task","error_detail":[{"exc_type":"AirflowException","exc_value":"dbt command failed. The command returned a non-zero exit code 1.","exc_notes":[],"syntax_error":null,"is_cause":false,"frames":[{"filename":"/home/airflow/.local/lib/python3.12/site-packages/airflow/sdk/execution_time/task_runner.py","lineno":838,"name":"run"},{"filename":"/home/airflow/.local/lib/python3.12/site-packages/airflow/sdk/execution_time/task_runner.py","lineno":1125,"name":"_execute_task"},{"filename":"/home/airflow/.local/lib/python3.12/site-packages/cosmos/operators/base.py","lineno":310,"name":"execute"},{"filename":"/home/airflow/.local/lib/python3.12/site-packages/cosmos/operators/local.py","lineno":842,"name":"build_and_run_cmd"},{"filename":"/home/airflow/.local/lib/python3.12/site-packages/cosmos/operators/local.py","lineno":639,"name":"run_command"},{"filename":"/home/airflow/.local/lib/python3.12/site-packages/cosmos/operators/local.py","lineno":254,"name":"handle_exception_subprocess"}]}]}
