{"timestamp":"2025-07-06T11:41:20.717836","level":"info","event":"DAG bundles loaded: dags-folder","logger":"airflow.dag_processing.bundles.manager.DagBundlesManager"}
{"timestamp":"2025-07-06T11:41:20.718211","level":"info","event":"Filling up the DagBag from /opt/airflow/dags/dbt_clickhouse_dag.py","logger":"airflow.models.dagbag.DagBag"}
{"timestamp":"2025-07-06T11:41:20.722317","level":"info","event":"Trying to parse the dbt project using dbt ls cache cosmos_cache__airline_transactions_dbt_dag__dbt_tasks...","logger":"cosmos.dbt.graph"}
{"timestamp":"2025-07-06T11:41:20.723151","level":"info","event":"Secrets backends loaded for worker","count":1,"backend_classes":["EnvironmentVariablesBackend"],"logger":"supervisor"}
{"timestamp":"2025-07-06T11:41:20.751920","level":"info","event":"Cosmos performance: time to calculate cache identifier cosmos_cache__airline_transactions_dbt_dag__dbt_tasks for current version: 0.019253374994150363","logger":"cosmos.cache"}
{"timestamp":"2025-07-06T11:41:20.752039","level":"info","event":"Cosmos performance [5ac81503fd11|177]: The cache size for cosmos_cache__airline_transactions_dbt_dag__dbt_tasks is 8342","logger":"cosmos.dbt.graph"}
{"timestamp":"2025-07-06T11:41:20.752757","level":"info","event":"Cosmos performance: Cache hit for cosmos_cache__airline_transactions_dbt_dag__dbt_tasks - edc04f2c2331abb8ed9a4e3c35b1d0f7,7b6b28cf4fff879af90a0cc67fbff18c","logger":"cosmos.dbt.graph"}
{"timestamp":"2025-07-06T11:41:20.752830","level":"info","event":"Total nodes: 10","logger":"cosmos.dbt.graph"}
{"timestamp":"2025-07-06T11:41:20.752861","level":"info","event":"Total filtered nodes: 10","logger":"cosmos.dbt.graph"}
{"timestamp":"2025-07-06T11:41:20.752925","level":"info","event":"Cosmos performance (airline_transactions_dbt_dag__dbt_tasks) -  [5ac81503fd11|177]: It took 0.0307s to parse the dbt project for DAG using LoadMode.DBT_LS_CACHE","logger":"cosmos.converter"}
{"timestamp":"2025-07-06T11:41:20.753439","level":"info","event":"Project /opt/dbt does not have {'packages.yml', 'dependencies.yml'}","logger":"cosmos.dbt.project"}
{"timestamp":"2025-07-06T11:41:20.756626","level":"info","event":"Cosmos performance (airline_transactions_dbt_dag__dbt_tasks) - [5ac81503fd11|177]: It took 0.00371s to build the Airflow DAG.","logger":"cosmos.converter"}
{"timestamp":"2025-07-06T11:41:20.756726","level":"warning","event":"Pydantic serializer warnings:\n  PydanticSerializationUnexpectedValue(Expected `str` - serialized value may not be as expected [input_value={'version': 'edc04f2c2331..._group_id': 'dbt_tasks'}, input_type=dict])","category":"UserWarning","filename":"/home/airflow/.local/lib/python3.12/site-packages/pydantic/main.py","lineno":463,"logger":"py.warnings"}
{"timestamp":"2025-07-06T11:41:20.765363","level":"info","event":"Could not import dbtRunner. Falling back to subprocess for invoking dbt.","logger":"cosmos.operators.base"}
{"timestamp":"2025-07-06T11:41:20.766199","level":"info","event":"Cloning project to writable temp directory /tmp/tmp44ial1kf from /opt/dbt","logger":"cosmos.operators.base"}
{"timestamp":"2025-07-06T11:41:20.766994","level":"info","event":"Profile caching is enable.","logger":"cosmos.config"}
{"timestamp":"2025-07-06T11:41:20.767930","level":"info","event":"Secrets backends loaded for worker","count":1,"backend_classes":["EnvironmentVariablesBackend"],"logger":"supervisor"}
{"timestamp":"2025-07-06T11:41:20.768546","level":"warning","event":"empty cryptography key - values will not be stored encrypted.","logger":"airflow.models.crypto"}
{"timestamp":"2025-07-06T11:41:20.768712","level":"warning","event":"Skipping masking for a secret as it's too short (<5 chars)","logger":"airflow.sdk.execution_time.secrets_masker"}
{"timestamp":"2025-07-06T11:41:20.768786","level":"info","event":"Connection Retrieved 'clickhouse_conn'","logger":"airflow.hooks.base"}
{"timestamp":"2025-07-06T11:41:20.770200","level":"info","event":"Profile found in cache using profile: /tmp/cosmos/profile/bb37287b84e957ef876ef848e3bba02a4d6fb75b5fb14bc65a4aa25a1978a680/profiles.yml.","logger":"cosmos.config"}
{"timestamp":"2025-07-06T11:41:20.770280","level":"info","event":"Trying to run the command:\n ['/home/airflow/dbt-venv/bin/dbt', '--no-partial-parse', 'run', '--models', 'stg_transactions', '--project-dir', '/tmp/tmp44ial1kf', '--profiles-dir', '/tmp/cosmos/profile/bb37287b84e957ef876ef848e3bba02a4d6fb75b5fb14bc65a4aa25a1978a680', '--profile', 'profile', '--target', 'dev']\nFrom /tmp/tmp44ial1kf","logger":"cosmos.operators.base"}
{"timestamp":"2025-07-06T11:41:20.770366","level":"info","event":"Tmp dir root location: \n /tmp","logger":"airflow.task.hooks.cosmos.hooks.subprocess.FullOutputSubprocessHook"}
{"timestamp":"2025-07-06T11:41:20.770431","level":"info","event":"Running command: ['/home/airflow/dbt-venv/bin/dbt', '--no-partial-parse', 'run', '--models', 'stg_transactions', '--project-dir', '/tmp/tmp44ial1kf', '--profiles-dir', '/tmp/cosmos/profile/bb37287b84e957ef876ef848e3bba02a4d6fb75b5fb14bc65a4aa25a1978a680', '--profile', 'profile', '--target', 'dev']","logger":"airflow.task.hooks.cosmos.hooks.subprocess.FullOutputSubprocessHook"}
{"timestamp":"2025-07-06T11:41:20.777118","level":"info","event":"Command output:","logger":"airflow.task.hooks.cosmos.hooks.subprocess.FullOutputSubprocessHook"}
{"timestamp":"2025-07-06T11:41:22.018798","level":"info","event":"\u001b[0m11:41:22  Running with dbt=1.10.3","logger":"airflow.task.hooks.cosmos.hooks.subprocess.FullOutputSubprocessHook"}
{"timestamp":"2025-07-06T11:41:22.019290","level":"info","event":"\u001b[0m11:41:22  [\u001b[33mWARNING\u001b[0m]: Deprecated functionality","logger":"airflow.task.hooks.cosmos.hooks.subprocess.FullOutputSubprocessHook"}
{"timestamp":"2025-07-06T11:41:22.019338","level":"info","event":"Usage of `--models`, `--model`, and `-m` is deprecated in favor of","logger":"airflow.task.hooks.cosmos.hooks.subprocess.FullOutputSubprocessHook"}
{"timestamp":"2025-07-06T11:41:22.019364","level":"info","event":"`--resource-type model --select`","logger":"airflow.task.hooks.cosmos.hooks.subprocess.FullOutputSubprocessHook"}
{"timestamp":"2025-07-06T11:41:22.131416","level":"info","event":"\u001b[0m11:41:22  Registered adapter: clickhouse=1.9.2","logger":"airflow.task.hooks.cosmos.hooks.subprocess.FullOutputSubprocessHook"}
{"timestamp":"2025-07-06T11:41:22.891664","level":"info","event":"\u001b[0m11:41:22  [\u001b[33mWARNING\u001b[0m]: Configuration paths exist in your dbt_project.yml file which do not apply to any resources.","logger":"airflow.task.hooks.cosmos.hooks.subprocess.FullOutputSubprocessHook"}
{"timestamp":"2025-07-06T11:41:22.891759","level":"info","event":"There are 3 unused configuration paths:","logger":"airflow.task.hooks.cosmos.hooks.subprocess.FullOutputSubprocessHook"}
{"timestamp":"2025-07-06T11:41:22.891790","level":"info","event":"- models.marts","logger":"airflow.task.hooks.cosmos.hooks.subprocess.FullOutputSubprocessHook"}
{"timestamp":"2025-07-06T11:41:22.891813","level":"info","event":"- models.staging","logger":"airflow.task.hooks.cosmos.hooks.subprocess.FullOutputSubprocessHook"}
{"timestamp":"2025-07-06T11:41:22.891833","level":"info","event":"- models.intermediate","logger":"airflow.task.hooks.cosmos.hooks.subprocess.FullOutputSubprocessHook"}
{"timestamp":"2025-07-06T11:41:22.953948","level":"info","event":"\u001b[0m11:41:22  Found 4 models, 4 data tests, 2 sources, 476 macros","logger":"airflow.task.hooks.cosmos.hooks.subprocess.FullOutputSubprocessHook"}
{"timestamp":"2025-07-06T11:41:22.954940","level":"info","event":"\u001b[0m11:41:22","logger":"airflow.task.hooks.cosmos.hooks.subprocess.FullOutputSubprocessHook"}
{"timestamp":"2025-07-06T11:41:22.955115","level":"info","event":"\u001b[0m11:41:22  Concurrency: 1 threads (target='dev')","logger":"airflow.task.hooks.cosmos.hooks.subprocess.FullOutputSubprocessHook"}
{"timestamp":"2025-07-06T11:41:22.955266","level":"info","event":"\u001b[0m11:41:22","logger":"airflow.task.hooks.cosmos.hooks.subprocess.FullOutputSubprocessHook"}
{"timestamp":"2025-07-06T11:41:23.042524","level":"info","event":"\u001b[0m11:41:23  1 of 1 START sql view model `default`.`stg_transactions` ....................... [RUN]","logger":"airflow.task.hooks.cosmos.hooks.subprocess.FullOutputSubprocessHook"}
{"timestamp":"2025-07-06T11:41:23.073081","level":"info","event":"\u001b[0m11:41:23  1 of 1 ERROR creating sql view model `default`.`stg_transactions` .............. [\u001b[31mERROR\u001b[0m in 0.03s]","logger":"airflow.task.hooks.cosmos.hooks.subprocess.FullOutputSubprocessHook"}
{"timestamp":"2025-07-06T11:41:23.075820","level":"info","event":"\u001b[0m11:41:23","logger":"airflow.task.hooks.cosmos.hooks.subprocess.FullOutputSubprocessHook"}
{"timestamp":"2025-07-06T11:41:23.076152","level":"info","event":"\u001b[0m11:41:23  Finished running 1 view model in 0 hours 0 minutes and 0.12 seconds (0.12s).","logger":"airflow.task.hooks.cosmos.hooks.subprocess.FullOutputSubprocessHook"}
{"timestamp":"2025-07-06T11:41:23.094015","level":"info","event":"\u001b[0m11:41:23","logger":"airflow.task.hooks.cosmos.hooks.subprocess.FullOutputSubprocessHook"}
{"timestamp":"2025-07-06T11:41:23.094118","level":"info","event":"\u001b[0m11:41:23  \u001b[31mCompleted with 1 error, 0 partial successes, and 0 warnings:\u001b[0m","logger":"airflow.task.hooks.cosmos.hooks.subprocess.FullOutputSubprocessHook"}
{"timestamp":"2025-07-06T11:41:23.094324","level":"info","event":"\u001b[0m11:41:23","logger":"airflow.task.hooks.cosmos.hooks.subprocess.FullOutputSubprocessHook"}
{"timestamp":"2025-07-06T11:41:23.094522","level":"info","event":"\u001b[0m11:41:23  \u001b[31mFailure in model stg_transactions (models/staging/stg_transactions.sql)\u001b[0m","logger":"airflow.task.hooks.cosmos.hooks.subprocess.FullOutputSubprocessHook"}
{"timestamp":"2025-07-06T11:41:23.094730","level":"info","event":"\u001b[0m11:41:23    Database Error in model stg_transactions (models/staging/stg_transactions.sql)","logger":"airflow.task.hooks.cosmos.hooks.subprocess.FullOutputSubprocessHook"}
{"timestamp":"2025-07-06T11:41:23.094772","level":"info","event":"  HTTPDriver for http://clickhouse:8123 received ClickHouse error code 43","logger":"airflow.task.hooks.cosmos.hooks.subprocess.FullOutputSubprocessHook"}
{"timestamp":"2025-07-06T11:41:23.094799","level":"info","event":"   Code: 43. DB::Exception: Nested type Array(String) cannot be inside Nullable type: In scope SELECT UniqueId, TransactionDateUTC, OriginAirportCode, DestinationAirportCode, Itinerary, OneWayOrReturn, assumeNotNull(JSONExtractArrayRaw(Segment)) AS SegmentArray FROM base. (ILLEGAL_TYPE_OF_ARGUMENT) (version 25.6.1.3206 (official build))","logger":"airflow.task.hooks.cosmos.hooks.subprocess.FullOutputSubprocessHook"}
{"timestamp":"2025-07-06T11:41:23.094829","level":"info","event":"  compiled code at target/run/airline_transactions/models/staging/stg_transactions.sql","logger":"airflow.task.hooks.cosmos.hooks.subprocess.FullOutputSubprocessHook"}
{"timestamp":"2025-07-06T11:41:23.094851","level":"info","event":"\u001b[0m11:41:23","logger":"airflow.task.hooks.cosmos.hooks.subprocess.FullOutputSubprocessHook"}
{"timestamp":"2025-07-06T11:41:23.095049","level":"info","event":"\u001b[0m11:41:23    compiled code at target/compiled/airline_transactions/models/staging/stg_transactions.sql","logger":"airflow.task.hooks.cosmos.hooks.subprocess.FullOutputSubprocessHook"}
{"timestamp":"2025-07-06T11:41:23.095290","level":"info","event":"\u001b[0m11:41:23","logger":"airflow.task.hooks.cosmos.hooks.subprocess.FullOutputSubprocessHook"}
{"timestamp":"2025-07-06T11:41:23.095571","level":"info","event":"\u001b[0m11:41:23  Done. PASS=0 WARN=0 ERROR=1 SKIP=0 NO-OP=0 TOTAL=1","logger":"airflow.task.hooks.cosmos.hooks.subprocess.FullOutputSubprocessHook"}
{"timestamp":"2025-07-06T11:41:23.095908","level":"info","event":"\u001b[0m11:41:23  [\u001b[33mWARNING\u001b[0m][DeprecationsSummary]: Deprecated functionality","logger":"airflow.task.hooks.cosmos.hooks.subprocess.FullOutputSubprocessHook"}
{"timestamp":"2025-07-06T11:41:23.095975","level":"info","event":"Summary of encountered deprecations:","logger":"airflow.task.hooks.cosmos.hooks.subprocess.FullOutputSubprocessHook"}
{"timestamp":"2025-07-06T11:41:23.096002","level":"info","event":"- ModelParamUsageDeprecation: 1 occurrence","logger":"airflow.task.hooks.cosmos.hooks.subprocess.FullOutputSubprocessHook"}
{"timestamp":"2025-07-06T11:41:23.096024","level":"info","event":"To see all deprecation instances instead of just the first occurrence of each,","logger":"airflow.task.hooks.cosmos.hooks.subprocess.FullOutputSubprocessHook"}
{"timestamp":"2025-07-06T11:41:23.096044","level":"info","event":"run command again with the `--show-all-deprecations` flag. You may also need to","logger":"airflow.task.hooks.cosmos.hooks.subprocess.FullOutputSubprocessHook"}
{"timestamp":"2025-07-06T11:41:23.096064","level":"info","event":"run with `--no-partial-parse` as some deprecations are only encountered during","logger":"airflow.task.hooks.cosmos.hooks.subprocess.FullOutputSubprocessHook"}
{"timestamp":"2025-07-06T11:41:23.096099","level":"info","event":"parsing.","logger":"airflow.task.hooks.cosmos.hooks.subprocess.FullOutputSubprocessHook"}
{"timestamp":"2025-07-06T11:41:23.950317","level":"info","event":"Command exited with return code 1","logger":"airflow.task.hooks.cosmos.hooks.subprocess.FullOutputSubprocessHook"}
{"timestamp":"2025-07-06T11:41:23.950489","level":"info","event":"parsing.","logger":"cosmos.operators.base"}
{"timestamp":"2025-07-06T11:41:23.959188","level":"info","event":"Inlets: []","logger":"cosmos.operators.base"}
{"timestamp":"2025-07-06T11:41:23.959253","level":"info","event":"Outlets: []","logger":"cosmos.operators.base"}
{"timestamp":"2025-07-06T11:41:23.959386","level":"info","event":"Assigning outlets with DatasetAlias in Airflow 3","logger":"cosmos.operators.local"}
{"timestamp":"2025-07-06T11:41:23.959880","level":"error","event":"\u001b[0m11:41:22  Running with dbt=1.10.3\n\u001b[0m11:41:22  [\u001b[33mWARNING\u001b[0m]: Deprecated functionality\nUsage of `--models`, `--model`, and `-m` is deprecated in favor of\n`--resource-type model --select`\n\u001b[0m11:41:22  Registered adapter: clickhouse=1.9.2\n\u001b[0m11:41:22  [\u001b[33mWARNING\u001b[0m]: Configuration paths exist in your dbt_project.yml file which do not apply to any resources.\nThere are 3 unused configuration paths:\n- models.marts\n- models.staging\n- models.intermediate\n\u001b[0m11:41:22  Found 4 models, 4 data tests, 2 sources, 476 macros\n\u001b[0m11:41:22\n\u001b[0m11:41:22  Concurrency: 1 threads (target='dev')\n\u001b[0m11:41:22\n\u001b[0m11:41:23  1 of 1 START sql view model `default`.`stg_transactions` ....................... [RUN]\n\u001b[0m11:41:23  1 of 1 ERROR creating sql view model `default`.`stg_transactions` .............. [\u001b[31mERROR\u001b[0m in 0.03s]\n\u001b[0m11:41:23\n\u001b[0m11:41:23  Finished running 1 view model in 0 hours 0 minutes and 0.12 seconds (0.12s).\n\u001b[0m11:41:23\n\u001b[0m11:41:23  \u001b[31mCompleted with 1 error, 0 partial successes, and 0 warnings:\u001b[0m\n\u001b[0m11:41:23\n\u001b[0m11:41:23  \u001b[31mFailure in model stg_transactions (models/staging/stg_transactions.sql)\u001b[0m\n\u001b[0m11:41:23    Database Error in model stg_transactions (models/staging/stg_transactions.sql)\n  HTTPDriver for http://clickhouse:8123 received ClickHouse error code 43\n   Code: 43. DB::Exception: Nested type Array(String) cannot be inside Nullable type: In scope SELECT UniqueId, TransactionDateUTC, OriginAirportCode, DestinationAirportCode, Itinerary, OneWayOrReturn, assumeNotNull(JSONExtractArrayRaw(Segment)) AS SegmentArray FROM base. (ILLEGAL_TYPE_OF_ARGUMENT) (version 25.6.1.3206 (official build))\n  compiled code at target/run/airline_transactions/models/staging/stg_transactions.sql\n\u001b[0m11:41:23\n\u001b[0m11:41:23    compiled code at target/compiled/airline_transactions/models/staging/stg_transactions.sql\n\u001b[0m11:41:23\n\u001b[0m11:41:23  Done. PASS=0 WARN=0 ERROR=1 SKIP=0 NO-OP=0 TOTAL=1\n\u001b[0m11:41:23  [\u001b[33mWARNING\u001b[0m][DeprecationsSummary]: Deprecated functionality\nSummary of encountered deprecations:\n- ModelParamUsageDeprecation: 1 occurrence\nTo see all deprecation instances instead of just the first occurrence of each,\nrun command again with the `--show-all-deprecations` flag. You may also need to\nrun with `--no-partial-parse` as some deprecations are only encountered during\nparsing.","logger":"cosmos.operators.base"}
{"timestamp":"2025-07-06T11:41:23.960725","level":"error","event":"Task failed with exception","logger":"task","error_detail":[{"exc_type":"AirflowException","exc_value":"dbt command failed. The command returned a non-zero exit code 1.","exc_notes":[],"syntax_error":null,"is_cause":false,"frames":[{"filename":"/home/airflow/.local/lib/python3.12/site-packages/airflow/sdk/execution_time/task_runner.py","lineno":838,"name":"run"},{"filename":"/home/airflow/.local/lib/python3.12/site-packages/airflow/sdk/execution_time/task_runner.py","lineno":1125,"name":"_execute_task"},{"filename":"/home/airflow/.local/lib/python3.12/site-packages/cosmos/operators/base.py","lineno":310,"name":"execute"},{"filename":"/home/airflow/.local/lib/python3.12/site-packages/cosmos/operators/local.py","lineno":842,"name":"build_and_run_cmd"},{"filename":"/home/airflow/.local/lib/python3.12/site-packages/cosmos/operators/local.py","lineno":639,"name":"run_command"},{"filename":"/home/airflow/.local/lib/python3.12/site-packages/cosmos/operators/local.py","lineno":254,"name":"handle_exception_subprocess"}]}]}
