{"timestamp":"2025-07-06T18:31:58.558878","level":"info","event":"DAG bundles loaded: dags-folder","logger":"airflow.dag_processing.bundles.manager.DagBundlesManager"}
{"timestamp":"2025-07-06T18:31:58.559209","level":"info","event":"Filling up the DagBag from /opt/airflow/dags/dbt_clickhouse_dag.py","logger":"airflow.models.dagbag.DagBag"}
{"timestamp":"2025-07-06T18:31:58.562906","level":"info","event":"Trying to parse the dbt project using dbt ls cache cosmos_cache__airline_transactions_dbt_dag__dbt_tasks...","logger":"cosmos.dbt.graph"}
{"timestamp":"2025-07-06T18:31:58.563705","level":"info","event":"Secrets backends loaded for worker","count":1,"backend_classes":["EnvironmentVariablesBackend"],"logger":"supervisor"}
{"timestamp":"2025-07-06T18:31:58.588915","level":"info","event":"Cosmos performance: time to calculate cache identifier cosmos_cache__airline_transactions_dbt_dag__dbt_tasks for current version: 0.01762879099987913","logger":"cosmos.cache"}
{"timestamp":"2025-07-06T18:31:58.589018","level":"info","event":"Cosmos performance [6747b687274a|121]: The cache size for cosmos_cache__airline_transactions_dbt_dag__dbt_tasks is 7569","logger":"cosmos.dbt.graph"}
{"timestamp":"2025-07-06T18:31:58.589288","level":"info","event":"Cosmos performance: Cache hit for cosmos_cache__airline_transactions_dbt_dag__dbt_tasks - 5f98414db263b47b9ae931cfae69e4c7,7b6b28cf4fff879af90a0cc67fbff18c","logger":"cosmos.dbt.graph"}
{"timestamp":"2025-07-06T18:31:58.589332","level":"info","event":"Total nodes: 9","logger":"cosmos.dbt.graph"}
{"timestamp":"2025-07-06T18:31:58.589356","level":"info","event":"Total filtered nodes: 9","logger":"cosmos.dbt.graph"}
{"timestamp":"2025-07-06T18:31:58.589403","level":"info","event":"Cosmos performance (airline_transactions_dbt_dag__dbt_tasks) -  [6747b687274a|121]: It took 0.0266s to parse the dbt project for DAG using LoadMode.DBT_LS_CACHE","logger":"cosmos.converter"}
{"timestamp":"2025-07-06T18:31:58.589838","level":"info","event":"Project /opt/dbt does not have {'dependencies.yml', 'packages.yml'}","logger":"cosmos.dbt.project"}
{"timestamp":"2025-07-06T18:31:58.592980","level":"info","event":"Cosmos performance (airline_transactions_dbt_dag__dbt_tasks) - [6747b687274a|121]: It took 0.00358s to build the Airflow DAG.","logger":"cosmos.converter"}
{"timestamp":"2025-07-06T18:31:58.593095","level":"warning","event":"Pydantic serializer warnings:\n  PydanticSerializationUnexpectedValue(Expected `str` - serialized value may not be as expected [input_value={'version': '5f98414db263..._group_id': 'dbt_tasks'}, input_type=dict])","category":"UserWarning","filename":"/home/airflow/.local/lib/python3.12/site-packages/pydantic/main.py","lineno":463,"logger":"py.warnings"}
{"timestamp":"2025-07-06T18:31:58.596453","level":"info","event":"Could not import dbtRunner. Falling back to subprocess for invoking dbt.","logger":"cosmos.operators.base"}
{"timestamp":"2025-07-06T18:31:58.597006","level":"info","event":"Cloning project to writable temp directory /tmp/tmpt2ka46x7 from /opt/dbt","logger":"cosmos.operators.base"}
{"timestamp":"2025-07-06T18:31:58.597727","level":"info","event":"Profile caching is enable.","logger":"cosmos.config"}
{"timestamp":"2025-07-06T18:31:58.598558","level":"info","event":"Secrets backends loaded for worker","count":1,"backend_classes":["EnvironmentVariablesBackend"],"logger":"supervisor"}
{"timestamp":"2025-07-06T18:31:58.598957","level":"warning","event":"empty cryptography key - values will not be stored encrypted.","logger":"airflow.models.crypto"}
{"timestamp":"2025-07-06T18:31:58.599080","level":"warning","event":"Skipping masking for a secret as it's too short (<5 chars)","logger":"airflow.sdk.execution_time.secrets_masker"}
{"timestamp":"2025-07-06T18:31:58.599133","level":"info","event":"Connection Retrieved 'clickhouse_conn'","logger":"airflow.hooks.base"}
{"timestamp":"2025-07-06T18:31:58.600094","level":"info","event":"Profile found in cache using profile: /tmp/cosmos/profile/db28b3fa9ce906e10cf1593aa1bf9e3a4309ffadf59cbd7e2ee9c5d9cf52cbbf/profiles.yml.","logger":"cosmos.config"}
{"timestamp":"2025-07-06T18:31:58.600156","level":"info","event":"Trying to run the command:\n ['/home/airflow/dbt-venv/bin/dbt', '--no-partial-parse', 'run', '--models', 'stg_locations', '--project-dir', '/tmp/tmpt2ka46x7', '--profiles-dir', '/tmp/cosmos/profile/db28b3fa9ce906e10cf1593aa1bf9e3a4309ffadf59cbd7e2ee9c5d9cf52cbbf', '--profile', 'profile', '--target', 'dev']\nFrom /tmp/tmpt2ka46x7","logger":"cosmos.operators.base"}
{"timestamp":"2025-07-06T18:31:58.600213","level":"info","event":"Tmp dir root location: \n /tmp","logger":"airflow.task.hooks.cosmos.hooks.subprocess.FullOutputSubprocessHook"}
{"timestamp":"2025-07-06T18:31:58.600249","level":"info","event":"Running command: ['/home/airflow/dbt-venv/bin/dbt', '--no-partial-parse', 'run', '--models', 'stg_locations', '--project-dir', '/tmp/tmpt2ka46x7', '--profiles-dir', '/tmp/cosmos/profile/db28b3fa9ce906e10cf1593aa1bf9e3a4309ffadf59cbd7e2ee9c5d9cf52cbbf', '--profile', 'profile', '--target', 'dev']","logger":"airflow.task.hooks.cosmos.hooks.subprocess.FullOutputSubprocessHook"}
{"timestamp":"2025-07-06T18:31:58.605769","level":"info","event":"Command output:","logger":"airflow.task.hooks.cosmos.hooks.subprocess.FullOutputSubprocessHook"}
{"timestamp":"2025-07-06T18:31:59.847488","level":"info","event":"\u001b[0m18:31:59  Running with dbt=1.10.3","logger":"airflow.task.hooks.cosmos.hooks.subprocess.FullOutputSubprocessHook"}
{"timestamp":"2025-07-06T18:31:59.847949","level":"info","event":"\u001b[0m18:31:59  [\u001b[33mWARNING\u001b[0m]: Deprecated functionality","logger":"airflow.task.hooks.cosmos.hooks.subprocess.FullOutputSubprocessHook"}
{"timestamp":"2025-07-06T18:31:59.847993","level":"info","event":"Usage of `--models`, `--model`, and `-m` is deprecated in favor of","logger":"airflow.task.hooks.cosmos.hooks.subprocess.FullOutputSubprocessHook"}
{"timestamp":"2025-07-06T18:31:59.848020","level":"info","event":"`--resource-type model --select`","logger":"airflow.task.hooks.cosmos.hooks.subprocess.FullOutputSubprocessHook"}
{"timestamp":"2025-07-06T18:31:59.966714","level":"info","event":"\u001b[0m18:31:59  Registered adapter: clickhouse=1.9.2","logger":"airflow.task.hooks.cosmos.hooks.subprocess.FullOutputSubprocessHook"}
{"timestamp":"2025-07-06T18:32:00.720725","level":"info","event":"\u001b[0m18:32:00  [\u001b[33mWARNING\u001b[0m]: Configuration paths exist in your dbt_project.yml file which do not apply to any resources.","logger":"airflow.task.hooks.cosmos.hooks.subprocess.FullOutputSubprocessHook"}
{"timestamp":"2025-07-06T18:32:00.720824","level":"info","event":"There are 3 unused configuration paths:","logger":"airflow.task.hooks.cosmos.hooks.subprocess.FullOutputSubprocessHook"}
{"timestamp":"2025-07-06T18:32:00.720854","level":"info","event":"- models.intermediate","logger":"airflow.task.hooks.cosmos.hooks.subprocess.FullOutputSubprocessHook"}
{"timestamp":"2025-07-06T18:32:00.720879","level":"info","event":"- models.marts","logger":"airflow.task.hooks.cosmos.hooks.subprocess.FullOutputSubprocessHook"}
{"timestamp":"2025-07-06T18:32:00.720899","level":"info","event":"- models.staging","logger":"airflow.task.hooks.cosmos.hooks.subprocess.FullOutputSubprocessHook"}
{"timestamp":"2025-07-06T18:32:00.783420","level":"info","event":"\u001b[0m18:32:00  Found 4 models, 3 data tests, 2 sources, 476 macros","logger":"airflow.task.hooks.cosmos.hooks.subprocess.FullOutputSubprocessHook"}
{"timestamp":"2025-07-06T18:32:00.784430","level":"info","event":"\u001b[0m18:32:00","logger":"airflow.task.hooks.cosmos.hooks.subprocess.FullOutputSubprocessHook"}
{"timestamp":"2025-07-06T18:32:00.784654","level":"info","event":"\u001b[0m18:32:00  Concurrency: 1 threads (target='dev')","logger":"airflow.task.hooks.cosmos.hooks.subprocess.FullOutputSubprocessHook"}
{"timestamp":"2025-07-06T18:32:00.784803","level":"info","event":"\u001b[0m18:32:00","logger":"airflow.task.hooks.cosmos.hooks.subprocess.FullOutputSubprocessHook"}
{"timestamp":"2025-07-06T18:32:00.811031","level":"info","event":"\u001b[0m18:32:00","logger":"airflow.task.hooks.cosmos.hooks.subprocess.FullOutputSubprocessHook"}
{"timestamp":"2025-07-06T18:32:00.811213","level":"info","event":"\u001b[0m18:32:00  Finished running  in 0 hours 0 minutes and 0.03 seconds (0.03s).","logger":"airflow.task.hooks.cosmos.hooks.subprocess.FullOutputSubprocessHook"}
{"timestamp":"2025-07-06T18:32:00.811439","level":"info","event":"\u001b[0m18:32:00  Encountered an error:","logger":"airflow.task.hooks.cosmos.hooks.subprocess.FullOutputSubprocessHook"}
{"timestamp":"2025-07-06T18:32:00.811476","level":"info","event":"Database Error","logger":"airflow.task.hooks.cosmos.hooks.subprocess.FullOutputSubprocessHook"}
{"timestamp":"2025-07-06T18:32:00.811502","level":"info","event":"  HTTPDriver for http://clickhouse:9000 returned response code 400","logger":"airflow.task.hooks.cosmos.hooks.subprocess.FullOutputSubprocessHook"}
{"timestamp":"2025-07-06T18:32:00.811778","level":"info","event":"\u001b[0m18:32:00  [\u001b[33mWARNING\u001b[0m][DeprecationsSummary]: Deprecated functionality","logger":"airflow.task.hooks.cosmos.hooks.subprocess.FullOutputSubprocessHook"}
{"timestamp":"2025-07-06T18:32:00.811822","level":"info","event":"Summary of encountered deprecations:","logger":"airflow.task.hooks.cosmos.hooks.subprocess.FullOutputSubprocessHook"}
{"timestamp":"2025-07-06T18:32:00.811859","level":"info","event":"- ModelParamUsageDeprecation: 1 occurrence","logger":"airflow.task.hooks.cosmos.hooks.subprocess.FullOutputSubprocessHook"}
{"timestamp":"2025-07-06T18:32:00.811888","level":"info","event":"To see all deprecation instances instead of just the first occurrence of each,","logger":"airflow.task.hooks.cosmos.hooks.subprocess.FullOutputSubprocessHook"}
{"timestamp":"2025-07-06T18:32:00.811908","level":"info","event":"run command again with the `--show-all-deprecations` flag. You may also need to","logger":"airflow.task.hooks.cosmos.hooks.subprocess.FullOutputSubprocessHook"}
{"timestamp":"2025-07-06T18:32:00.811938","level":"info","event":"run with `--no-partial-parse` as some deprecations are only encountered during","logger":"airflow.task.hooks.cosmos.hooks.subprocess.FullOutputSubprocessHook"}
{"timestamp":"2025-07-06T18:32:00.811969","level":"info","event":"parsing.","logger":"airflow.task.hooks.cosmos.hooks.subprocess.FullOutputSubprocessHook"}
{"timestamp":"2025-07-06T18:32:01.475698","level":"info","event":"Command exited with return code 2","logger":"airflow.task.hooks.cosmos.hooks.subprocess.FullOutputSubprocessHook"}
{"timestamp":"2025-07-06T18:32:01.475876","level":"info","event":"parsing.","logger":"cosmos.operators.base"}
{"timestamp":"2025-07-06T18:32:01.482603","level":"info","event":"Inlets: []","logger":"cosmos.operators.base"}
{"timestamp":"2025-07-06T18:32:01.482661","level":"info","event":"Outlets: []","logger":"cosmos.operators.base"}
{"timestamp":"2025-07-06T18:32:01.482773","level":"info","event":"Assigning outlets with DatasetAlias in Airflow 3","logger":"cosmos.operators.local"}
{"timestamp":"2025-07-06T18:32:01.482978","level":"error","event":"\u001b[0m18:31:59  Running with dbt=1.10.3\n\u001b[0m18:31:59  [\u001b[33mWARNING\u001b[0m]: Deprecated functionality\nUsage of `--models`, `--model`, and `-m` is deprecated in favor of\n`--resource-type model --select`\n\u001b[0m18:31:59  Registered adapter: clickhouse=1.9.2\n\u001b[0m18:32:00  [\u001b[33mWARNING\u001b[0m]: Configuration paths exist in your dbt_project.yml file which do not apply to any resources.\nThere are 3 unused configuration paths:\n- models.intermediate\n- models.marts\n- models.staging\n\u001b[0m18:32:00  Found 4 models, 3 data tests, 2 sources, 476 macros\n\u001b[0m18:32:00\n\u001b[0m18:32:00  Concurrency: 1 threads (target='dev')\n\u001b[0m18:32:00\n\u001b[0m18:32:00\n\u001b[0m18:32:00  Finished running  in 0 hours 0 minutes and 0.03 seconds (0.03s).\n\u001b[0m18:32:00  Encountered an error:\nDatabase Error\n  HTTPDriver for http://clickhouse:9000 returned response code 400\n\u001b[0m18:32:00  [\u001b[33mWARNING\u001b[0m][DeprecationsSummary]: Deprecated functionality\nSummary of encountered deprecations:\n- ModelParamUsageDeprecation: 1 occurrence\nTo see all deprecation instances instead of just the first occurrence of each,\nrun command again with the `--show-all-deprecations` flag. You may also need to\nrun with `--no-partial-parse` as some deprecations are only encountered during\nparsing.","logger":"cosmos.operators.base"}
{"timestamp":"2025-07-06T18:32:01.483495","level":"error","event":"Task failed with exception","logger":"task","error_detail":[{"exc_type":"AirflowException","exc_value":"dbt command failed. The command returned a non-zero exit code 2.","exc_notes":[],"syntax_error":null,"is_cause":false,"frames":[{"filename":"/home/airflow/.local/lib/python3.12/site-packages/airflow/sdk/execution_time/task_runner.py","lineno":838,"name":"run"},{"filename":"/home/airflow/.local/lib/python3.12/site-packages/airflow/sdk/execution_time/task_runner.py","lineno":1125,"name":"_execute_task"},{"filename":"/home/airflow/.local/lib/python3.12/site-packages/cosmos/operators/base.py","lineno":310,"name":"execute"},{"filename":"/home/airflow/.local/lib/python3.12/site-packages/cosmos/operators/local.py","lineno":842,"name":"build_and_run_cmd"},{"filename":"/home/airflow/.local/lib/python3.12/site-packages/cosmos/operators/local.py","lineno":639,"name":"run_command"},{"filename":"/home/airflow/.local/lib/python3.12/site-packages/cosmos/operators/local.py","lineno":254,"name":"handle_exception_subprocess"}]}]}
