{"timestamp":"2025-07-07T04:36:05.675358","level":"info","event":"DAG bundles loaded: dags-folder","logger":"airflow.dag_processing.bundles.manager.DagBundlesManager"}
{"timestamp":"2025-07-07T04:36:05.675795","level":"info","event":"Filling up the DagBag from /opt/airflow/dags/dbt_clickhouse_dag.py","logger":"airflow.models.dagbag.DagBag"}
{"timestamp":"2025-07-07T04:36:05.680411","level":"info","event":"Trying to parse the dbt project using dbt ls cache cosmos_cache__airline_transactions_dbt_dag__dbt_tasks...","logger":"cosmos.dbt.graph"}
{"timestamp":"2025-07-07T04:36:05.681437","level":"info","event":"Secrets backends loaded for worker","count":1,"backend_classes":["EnvironmentVariablesBackend"],"logger":"supervisor"}
{"timestamp":"2025-07-07T04:36:05.714557","level":"info","event":"Cosmos performance: time to calculate cache identifier cosmos_cache__airline_transactions_dbt_dag__dbt_tasks for current version: 0.020322750002378598","logger":"cosmos.cache"}
{"timestamp":"2025-07-07T04:36:05.714678","level":"info","event":"Cosmos performance [ea72a3b74abb|2020]: The cache size for cosmos_cache__airline_transactions_dbt_dag__dbt_tasks is 7569","logger":"cosmos.dbt.graph"}
{"timestamp":"2025-07-07T04:36:05.714992","level":"info","event":"Cosmos performance: Cache hit for cosmos_cache__airline_transactions_dbt_dag__dbt_tasks - 93a8b0fc30241f430498ad3d2840984a,7b6b28cf4fff879af90a0cc67fbff18c","logger":"cosmos.dbt.graph"}
{"timestamp":"2025-07-07T04:36:05.715053","level":"info","event":"Total nodes: 9","logger":"cosmos.dbt.graph"}
{"timestamp":"2025-07-07T04:36:05.715078","level":"info","event":"Total filtered nodes: 9","logger":"cosmos.dbt.graph"}
{"timestamp":"2025-07-07T04:36:05.715134","level":"info","event":"Cosmos performance (airline_transactions_dbt_dag__dbt_tasks) -  [ea72a3b74abb|2020]: It took 0.0348s to parse the dbt project for DAG using LoadMode.DBT_LS_CACHE","logger":"cosmos.converter"}
{"timestamp":"2025-07-07T04:36:05.716162","level":"info","event":"Project /opt/dbt does not have {'dependencies.yml', 'packages.yml'}","logger":"cosmos.dbt.project"}
{"timestamp":"2025-07-07T04:36:05.719492","level":"info","event":"Cosmos performance (airline_transactions_dbt_dag__dbt_tasks) - [ea72a3b74abb|2020]: It took 0.00436s to build the Airflow DAG.","logger":"cosmos.converter"}
{"timestamp":"2025-07-07T04:36:05.719611","level":"warning","event":"Pydantic serializer warnings:\n  PydanticSerializationUnexpectedValue(Expected `str` - serialized value may not be as expected [input_value={'version': '93a8b0fc3024..._group_id': 'dbt_tasks'}, input_type=dict])","category":"UserWarning","filename":"/home/airflow/.local/lib/python3.12/site-packages/pydantic/main.py","lineno":463,"logger":"py.warnings"}
{"timestamp":"2025-07-07T04:36:05.723867","level":"info","event":"Could not import dbtRunner. Falling back to subprocess for invoking dbt.","logger":"cosmos.operators.base"}
{"timestamp":"2025-07-07T04:36:05.724313","level":"info","event":"Cloning project to writable temp directory /tmp/tmpc2v_g3tf from /opt/dbt","logger":"cosmos.operators.base"}
{"timestamp":"2025-07-07T04:36:05.725008","level":"info","event":"Profile caching is enable.","logger":"cosmos.config"}
{"timestamp":"2025-07-07T04:36:05.726128","level":"info","event":"Secrets backends loaded for worker","count":1,"backend_classes":["EnvironmentVariablesBackend"],"logger":"supervisor"}
{"timestamp":"2025-07-07T04:36:05.726661","level":"warning","event":"empty cryptography key - values will not be stored encrypted.","logger":"airflow.models.crypto"}
{"timestamp":"2025-07-07T04:36:05.726895","level":"warning","event":"Skipping masking for a secret as it's too short (<5 chars)","logger":"airflow.sdk.execution_time.secrets_masker"}
{"timestamp":"2025-07-07T04:36:05.726970","level":"info","event":"Connection Retrieved 'clickhouse_conn_http'","logger":"airflow.hooks.base"}
{"timestamp":"2025-07-07T04:36:05.728561","level":"info","event":"Profile found in cache using profile: /tmp/cosmos/profile/bb37287b84e957ef876ef848e3bba02a4d6fb75b5fb14bc65a4aa25a1978a680/profiles.yml.","logger":"cosmos.config"}
{"timestamp":"2025-07-07T04:36:05.728691","level":"info","event":"Trying to run the command:\n ['/home/airflow/dbt-venv/bin/dbt', '--no-partial-parse', 'run', '--models', 'int_transactions_enriched', '--project-dir', '/tmp/tmpc2v_g3tf', '--profiles-dir', '/tmp/cosmos/profile/bb37287b84e957ef876ef848e3bba02a4d6fb75b5fb14bc65a4aa25a1978a680', '--profile', 'profile', '--target', 'dev']\nFrom /tmp/tmpc2v_g3tf","logger":"cosmos.operators.base"}
{"timestamp":"2025-07-07T04:36:05.728807","level":"info","event":"Tmp dir root location: \n /tmp","logger":"airflow.task.hooks.cosmos.hooks.subprocess.FullOutputSubprocessHook"}
{"timestamp":"2025-07-07T04:36:05.728903","level":"info","event":"Running command: ['/home/airflow/dbt-venv/bin/dbt', '--no-partial-parse', 'run', '--models', 'int_transactions_enriched', '--project-dir', '/tmp/tmpc2v_g3tf', '--profiles-dir', '/tmp/cosmos/profile/bb37287b84e957ef876ef848e3bba02a4d6fb75b5fb14bc65a4aa25a1978a680', '--profile', 'profile', '--target', 'dev']","logger":"airflow.task.hooks.cosmos.hooks.subprocess.FullOutputSubprocessHook"}
{"timestamp":"2025-07-07T04:36:05.736315","level":"info","event":"Command output:","logger":"airflow.task.hooks.cosmos.hooks.subprocess.FullOutputSubprocessHook"}
{"timestamp":"2025-07-07T04:36:07.535628","level":"info","event":"\u001b[0m04:36:07  Running with dbt=1.10.3","logger":"airflow.task.hooks.cosmos.hooks.subprocess.FullOutputSubprocessHook"}
{"timestamp":"2025-07-07T04:36:07.536436","level":"info","event":"\u001b[0m04:36:07  [\u001b[33mWARNING\u001b[0m]: Deprecated functionality","logger":"airflow.task.hooks.cosmos.hooks.subprocess.FullOutputSubprocessHook"}
{"timestamp":"2025-07-07T04:36:07.536523","level":"info","event":"Usage of `--models`, `--model`, and `-m` is deprecated in favor of","logger":"airflow.task.hooks.cosmos.hooks.subprocess.FullOutputSubprocessHook"}
{"timestamp":"2025-07-07T04:36:07.536567","level":"info","event":"`--resource-type model --select`","logger":"airflow.task.hooks.cosmos.hooks.subprocess.FullOutputSubprocessHook"}
{"timestamp":"2025-07-07T04:36:07.694444","level":"info","event":"\u001b[0m04:36:07  Registered adapter: clickhouse=1.9.2","logger":"airflow.task.hooks.cosmos.hooks.subprocess.FullOutputSubprocessHook"}
{"timestamp":"2025-07-07T04:36:08.539116","level":"info","event":"\u001b[0m04:36:08  [\u001b[33mWARNING\u001b[0m]: Configuration paths exist in your dbt_project.yml file which do not apply to any resources.","logger":"airflow.task.hooks.cosmos.hooks.subprocess.FullOutputSubprocessHook"}
{"timestamp":"2025-07-07T04:36:08.539229","level":"info","event":"There are 3 unused configuration paths:","logger":"airflow.task.hooks.cosmos.hooks.subprocess.FullOutputSubprocessHook"}
{"timestamp":"2025-07-07T04:36:08.539273","level":"info","event":"- models.marts","logger":"airflow.task.hooks.cosmos.hooks.subprocess.FullOutputSubprocessHook"}
{"timestamp":"2025-07-07T04:36:08.539309","level":"info","event":"- models.staging","logger":"airflow.task.hooks.cosmos.hooks.subprocess.FullOutputSubprocessHook"}
{"timestamp":"2025-07-07T04:36:08.539340","level":"info","event":"- models.intermediate","logger":"airflow.task.hooks.cosmos.hooks.subprocess.FullOutputSubprocessHook"}
{"timestamp":"2025-07-07T04:36:08.602141","level":"info","event":"\u001b[0m04:36:08  Found 4 models, 3 data tests, 2 sources, 476 macros","logger":"airflow.task.hooks.cosmos.hooks.subprocess.FullOutputSubprocessHook"}
{"timestamp":"2025-07-07T04:36:08.603202","level":"info","event":"\u001b[0m04:36:08","logger":"airflow.task.hooks.cosmos.hooks.subprocess.FullOutputSubprocessHook"}
{"timestamp":"2025-07-07T04:36:08.603361","level":"info","event":"\u001b[0m04:36:08  Concurrency: 1 threads (target='dev')","logger":"airflow.task.hooks.cosmos.hooks.subprocess.FullOutputSubprocessHook"}
{"timestamp":"2025-07-07T04:36:08.603538","level":"info","event":"\u001b[0m04:36:08","logger":"airflow.task.hooks.cosmos.hooks.subprocess.FullOutputSubprocessHook"}
{"timestamp":"2025-07-07T04:36:08.707000","level":"info","event":"\u001b[0m04:36:08  1 of 1 START sql view model `default`.`int_transactions_enriched` .............. [RUN]","logger":"airflow.task.hooks.cosmos.hooks.subprocess.FullOutputSubprocessHook"}
{"timestamp":"2025-07-07T04:36:08.750441","level":"info","event":"\u001b[0m04:36:08  1 of 1 OK created sql view model `default`.`int_transactions_enriched` ......... [\u001b[32mOK\u001b[0m in 0.04s]","logger":"airflow.task.hooks.cosmos.hooks.subprocess.FullOutputSubprocessHook"}
{"timestamp":"2025-07-07T04:36:08.752239","level":"info","event":"\u001b[0m04:36:08","logger":"airflow.task.hooks.cosmos.hooks.subprocess.FullOutputSubprocessHook"}
{"timestamp":"2025-07-07T04:36:08.752392","level":"info","event":"\u001b[0m04:36:08  Finished running 1 view model in 0 hours 0 minutes and 0.15 seconds (0.15s).","logger":"airflow.task.hooks.cosmos.hooks.subprocess.FullOutputSubprocessHook"}
{"timestamp":"2025-07-07T04:36:08.768792","level":"info","event":"\u001b[0m04:36:08","logger":"airflow.task.hooks.cosmos.hooks.subprocess.FullOutputSubprocessHook"}
{"timestamp":"2025-07-07T04:36:08.768947","level":"info","event":"\u001b[0m04:36:08  \u001b[32mCompleted successfully\u001b[0m","logger":"airflow.task.hooks.cosmos.hooks.subprocess.FullOutputSubprocessHook"}
{"timestamp":"2025-07-07T04:36:08.769098","level":"info","event":"\u001b[0m04:36:08","logger":"airflow.task.hooks.cosmos.hooks.subprocess.FullOutputSubprocessHook"}
{"timestamp":"2025-07-07T04:36:08.769288","level":"info","event":"\u001b[0m04:36:08  Done. PASS=1 WARN=0 ERROR=0 SKIP=0 NO-OP=0 TOTAL=1","logger":"airflow.task.hooks.cosmos.hooks.subprocess.FullOutputSubprocessHook"}
{"timestamp":"2025-07-07T04:36:08.769589","level":"info","event":"\u001b[0m04:36:08  [\u001b[33mWARNING\u001b[0m][DeprecationsSummary]: Deprecated functionality","logger":"airflow.task.hooks.cosmos.hooks.subprocess.FullOutputSubprocessHook"}
{"timestamp":"2025-07-07T04:36:08.769627","level":"info","event":"Summary of encountered deprecations:","logger":"airflow.task.hooks.cosmos.hooks.subprocess.FullOutputSubprocessHook"}
{"timestamp":"2025-07-07T04:36:08.769650","level":"info","event":"- ModelParamUsageDeprecation: 1 occurrence","logger":"airflow.task.hooks.cosmos.hooks.subprocess.FullOutputSubprocessHook"}
{"timestamp":"2025-07-07T04:36:08.769671","level":"info","event":"To see all deprecation instances instead of just the first occurrence of each,","logger":"airflow.task.hooks.cosmos.hooks.subprocess.FullOutputSubprocessHook"}
{"timestamp":"2025-07-07T04:36:08.769691","level":"info","event":"run command again with the `--show-all-deprecations` flag. You may also need to","logger":"airflow.task.hooks.cosmos.hooks.subprocess.FullOutputSubprocessHook"}
{"timestamp":"2025-07-07T04:36:08.769715","level":"info","event":"run with `--no-partial-parse` as some deprecations are only encountered during","logger":"airflow.task.hooks.cosmos.hooks.subprocess.FullOutputSubprocessHook"}
{"timestamp":"2025-07-07T04:36:08.769735","level":"info","event":"parsing.","logger":"airflow.task.hooks.cosmos.hooks.subprocess.FullOutputSubprocessHook"}
{"timestamp":"2025-07-07T04:36:09.476804","level":"info","event":"Command exited with return code 0","logger":"airflow.task.hooks.cosmos.hooks.subprocess.FullOutputSubprocessHook"}
{"timestamp":"2025-07-07T04:36:09.477032","level":"info","event":"parsing.","logger":"cosmos.operators.base"}
{"timestamp":"2025-07-07T04:36:09.486640","level":"info","event":"Inlets: []","logger":"cosmos.operators.base"}
{"timestamp":"2025-07-07T04:36:09.486721","level":"info","event":"Outlets: []","logger":"cosmos.operators.base"}
{"timestamp":"2025-07-07T04:36:09.486893","level":"info","event":"Assigning outlets with DatasetAlias in Airflow 3","logger":"cosmos.operators.local"}
